Connecting to database specified by database.yml
Connecting to database specified by database.yml
Connecting to database specified by database.yml
Connecting to database specified by database.yml
Connecting to database specified by database.yml
Connecting to database specified by database.yml
Connecting to database specified by database.yml
Connecting to database specified by database.yml
Connecting to database specified by database.yml
Connecting to database specified by database.yml
Connecting to database specified by database.yml
Connecting to database specified by database.yml
Connecting to database specified by database.yml
Connecting to database specified by database.yml
Connecting to database specified by database.yml
Connecting to database specified by database.yml
  [1m[36m (0.4ms)[0m  [1mselect sqlite_version(*)[0m
  [1m[35m (11.1ms)[0m  CREATE TABLE "schema_migrations" ("version" varchar(255) NOT NULL) 
  [1m[36m (0.2ms)[0m  [1mPRAGMA index_list("schema_migrations")[0m
  [1m[35m (3.3ms)[0m  CREATE UNIQUE INDEX "unique_schema_migrations" ON "schema_migrations" ("version")
  [1m[36m (0.3ms)[0m  [1mSELECT "schema_migrations"."version" FROM "schema_migrations" [0m
Migrating to DeviseCreateUsers (20121105000051)
  [1m[35m (0.2ms)[0m  begin transaction
  [1m[36m (1.9ms)[0m  [1mCREATE TABLE "users" ("id" INTEGER PRIMARY KEY AUTOINCREMENT NOT NULL, "name" varchar(255) DEFAULT '' NOT NULL, "address" varchar(255) DEFAULT '' NOT NULL, "role" varchar(255) DEFAULT 'customer' NOT NULL, "cctype" varchar(255) DEFAULT '' NOT NULL, "ccnumber" varchar(255) DEFAULT '' NOT NULL, "ccvalidity" date DEFAULT '' NOT NULL, "email" varchar(255) DEFAULT '' NOT NULL, "encrypted_password" varchar(255) DEFAULT '' NOT NULL, "reset_password_token" varchar(255), "reset_password_sent_at" datetime, "remember_created_at" datetime, "sign_in_count" integer DEFAULT 0, "current_sign_in_at" datetime, "last_sign_in_at" datetime, "current_sign_in_ip" varchar(255), "last_sign_in_ip" varchar(255), "created_at" datetime NOT NULL, "updated_at" datetime NOT NULL) [0m
  [1m[35m (0.1ms)[0m  PRAGMA index_list("users")
  [1m[36m (1.9ms)[0m  [1mCREATE UNIQUE INDEX "index_users_on_email" ON "users" ("email")[0m
  [1m[35m (0.2ms)[0m  PRAGMA index_list("users")
  [1m[36m (0.2ms)[0m  [1mPRAGMA index_info('index_users_on_email')[0m
  [1m[35m (1.1ms)[0m  CREATE UNIQUE INDEX "index_users_on_reset_password_token" ON "users" ("reset_password_token")
  [1m[36m (0.4ms)[0m  [1mINSERT INTO "schema_migrations" ("version") VALUES ('20121105000051')[0m
  [1m[35m (10.7ms)[0m  commit transaction
Migrating to CreateLines (20121105105705)
  [1m[36m (0.2ms)[0m  [1mbegin transaction[0m
  [1m[35m (1.1ms)[0m  CREATE TABLE "lines" ("id" INTEGER PRIMARY KEY AUTOINCREMENT NOT NULL, "name" varchar(255), "created_at" datetime NOT NULL, "updated_at" datetime NOT NULL) 
  [1m[36m (0.6ms)[0m  [1mINSERT INTO "schema_migrations" ("version") VALUES ('20121105105705')[0m
  [1m[35m (5.1ms)[0m  commit transaction
Migrating to CreateStations (20121105105742)
  [1m[36m (0.2ms)[0m  [1mbegin transaction[0m
  [1m[35m (1.0ms)[0m  CREATE TABLE "stations" ("id" INTEGER PRIMARY KEY AUTOINCREMENT NOT NULL, "name" varchar(255), "created_at" datetime NOT NULL, "updated_at" datetime NOT NULL) 
  [1m[36m (1.6ms)[0m  [1mINSERT INTO "schema_migrations" ("version") VALUES ('20121105105742')[0m
  [1m[35m (3.5ms)[0m  commit transaction
Migrating to CreateTripTypes (20121105105910)
  [1m[36m (0.2ms)[0m  [1mbegin transaction[0m
  [1m[35m (3.4ms)[0m  CREATE TABLE "trip_types" ("id" INTEGER PRIMARY KEY AUTOINCREMENT NOT NULL, "name" varchar(255), "price" float, "created_at" datetime NOT NULL, "updated_at" datetime NOT NULL) 
  [1m[36m (0.4ms)[0m  [1mINSERT INTO "schema_migrations" ("version") VALUES ('20121105105910')[0m
  [1m[35m (14.1ms)[0m  commit transaction
Migrating to CreateTrains (20121105110012)
  [1m[36m (0.2ms)[0m  [1mbegin transaction[0m
  [1m[35m (1.4ms)[0m  CREATE TABLE "trains" ("id" INTEGER PRIMARY KEY AUTOINCREMENT NOT NULL, "maxCapacity" integer, "velocity" float, "created_at" datetime NOT NULL, "updated_at" datetime NOT NULL) 
  [1m[36m (2.3ms)[0m  [1mINSERT INTO "schema_migrations" ("version") VALUES ('20121105110012')[0m
  [1m[35m (384.5ms)[0m  commit transaction
Migrating to CreateLineStations (20121105110106)
  [1m[36m (0.2ms)[0m  [1mbegin transaction[0m
  [1m[35m (1.2ms)[0m  CREATE TABLE "line_stations" ("id" INTEGER PRIMARY KEY AUTOINCREMENT NOT NULL, "order" integer, "distance" integer, "Line_id" integer, "Station_id" integer, "created_at" datetime NOT NULL, "updated_at" datetime NOT NULL) 
  [1m[36m (0.1ms)[0m  [1mPRAGMA index_list("line_stations")[0m
  [1m[35m (0.6ms)[0m  CREATE INDEX "index_line_stations_on_Line_id" ON "line_stations" ("Line_id")
  [1m[36m (0.2ms)[0m  [1mPRAGMA index_list("line_stations")[0m
  [1m[35m (0.3ms)[0m  PRAGMA index_info('index_line_stations_on_Line_id')
  [1m[36m (4.7ms)[0m  [1mCREATE INDEX "index_line_stations_on_Station_id" ON "line_stations" ("Station_id")[0m
  [1m[35m (0.6ms)[0m  INSERT INTO "schema_migrations" ("version") VALUES ('20121105110106')
  [1m[36m (5.7ms)[0m  [1mcommit transaction[0m
Migrating to CreateReservations (20121105110235)
  [1m[35m (0.2ms)[0m  begin transaction
  [1m[36m (1.1ms)[0m  [1mCREATE TABLE "reservations" ("id" INTEGER PRIMARY KEY AUTOINCREMENT NOT NULL, "uuid" varchar(255), "User_id" integer, "Trip_id" integer, "ArrivalStation_id" integer, "DepartureStation_id" integer, "created_at" datetime NOT NULL, "updated_at" datetime NOT NULL) [0m
  [1m[35m (0.3ms)[0m  PRAGMA index_list("reservations")
  [1m[36m (1.8ms)[0m  [1mCREATE INDEX "index_reservations_on_User_id" ON "reservations" ("User_id")[0m
  [1m[35m (0.2ms)[0m  PRAGMA index_list("reservations")
  [1m[36m (0.3ms)[0m  [1mPRAGMA index_info('index_reservations_on_User_id')[0m
  [1m[35m (0.9ms)[0m  CREATE INDEX "index_reservations_on_Trip_id" ON "reservations" ("Trip_id")
  [1m[36m (0.2ms)[0m  [1mPRAGMA index_list("reservations")[0m
  [1m[35m (0.2ms)[0m  PRAGMA index_info('index_reservations_on_Trip_id')
  [1m[36m (0.2ms)[0m  [1mPRAGMA index_info('index_reservations_on_User_id')[0m
  [1m[35m (10.5ms)[0m  CREATE INDEX "index_reservations_on_ArrivalStation_id" ON "reservations" ("ArrivalStation_id")
  [1m[36m (0.4ms)[0m  [1mPRAGMA index_list("reservations")[0m
  [1m[35m (0.3ms)[0m  PRAGMA index_info('index_reservations_on_ArrivalStation_id')
  [1m[36m (0.2ms)[0m  [1mPRAGMA index_info('index_reservations_on_Trip_id')[0m
  [1m[35m (0.3ms)[0m  PRAGMA index_info('index_reservations_on_User_id')
  [1m[36m (0.6ms)[0m  [1mCREATE INDEX "index_reservations_on_DepartureStation_id" ON "reservations" ("DepartureStation_id")[0m
  [1m[35m (0.8ms)[0m  INSERT INTO "schema_migrations" ("version") VALUES ('20121105110235')
  [1m[36m (12.8ms)[0m  [1mcommit transaction[0m
Migrating to CreateTrips (20121105110403)
  [1m[35m (0.3ms)[0m  begin transaction
  [1m[36m (5.9ms)[0m  [1mCREATE TABLE "trips" ("id" INTEGER PRIMARY KEY AUTOINCREMENT NOT NULL, "beginTime" datetime, "TripType_id" integer, "Train_id" integer, "Line_id" integer, "ArrivalStation_id" integer, "DepartureStation_id" integer, "created_at" datetime NOT NULL, "updated_at" datetime NOT NULL) [0m
  [1m[35m (0.2ms)[0m  PRAGMA index_list("trips")
  [1m[36m (0.6ms)[0m  [1mCREATE INDEX "index_trips_on_TripType_id" ON "trips" ("TripType_id")[0m
  [1m[35m (0.2ms)[0m  PRAGMA index_list("trips")
  [1m[36m (0.2ms)[0m  [1mPRAGMA index_info('index_trips_on_TripType_id')[0m
  [1m[35m (1.2ms)[0m  CREATE INDEX "index_trips_on_Train_id" ON "trips" ("Train_id")
  [1m[36m (0.3ms)[0m  [1mPRAGMA index_list("trips")[0m
  [1m[35m (0.2ms)[0m  PRAGMA index_info('index_trips_on_Train_id')
  [1m[36m (0.2ms)[0m  [1mPRAGMA index_info('index_trips_on_TripType_id')[0m
  [1m[35m (4.5ms)[0m  CREATE INDEX "index_trips_on_Line_id" ON "trips" ("Line_id")
  [1m[36m (0.3ms)[0m  [1mPRAGMA index_list("trips")[0m
  [1m[35m (0.2ms)[0m  PRAGMA index_info('index_trips_on_Line_id')
  [1m[36m (0.2ms)[0m  [1mPRAGMA index_info('index_trips_on_Train_id')[0m
  [1m[35m (0.2ms)[0m  PRAGMA index_info('index_trips_on_TripType_id')
  [1m[36m (0.6ms)[0m  [1mCREATE INDEX "index_trips_on_ArrivalStation_id" ON "trips" ("ArrivalStation_id")[0m
  [1m[35m (0.2ms)[0m  PRAGMA index_list("trips")
  [1m[36m (0.3ms)[0m  [1mPRAGMA index_info('index_trips_on_ArrivalStation_id')[0m
  [1m[35m (0.2ms)[0m  PRAGMA index_info('index_trips_on_Line_id')
  [1m[36m (0.2ms)[0m  [1mPRAGMA index_info('index_trips_on_Train_id')[0m
  [1m[35m (0.2ms)[0m  PRAGMA index_info('index_trips_on_TripType_id')
  [1m[36m (0.6ms)[0m  [1mCREATE INDEX "index_trips_on_DepartureStation_id" ON "trips" ("DepartureStation_id")[0m
  [1m[35m (1.7ms)[0m  INSERT INTO "schema_migrations" ("version") VALUES ('20121105110403')
  [1m[36m (16.6ms)[0m  [1mcommit transaction[0m
  [1m[35m (1.7ms)[0m  select sqlite_version(*)
  [1m[36m (0.5ms)[0m  [1mSELECT "schema_migrations"."version" FROM "schema_migrations" [0m
  [1m[35m (0.2ms)[0m  PRAGMA index_list("line_stations")
  [1m[36m (0.2ms)[0m  [1mPRAGMA index_info('index_line_stations_on_Station_id')[0m
  [1m[35m (0.2ms)[0m  PRAGMA index_info('index_line_stations_on_Line_id')
  [1m[36m (0.1ms)[0m  [1mPRAGMA index_list("lines")[0m
  [1m[35m (0.2ms)[0m  PRAGMA index_list("reservations")
  [1m[36m (0.3ms)[0m  [1mPRAGMA index_info('index_reservations_on_DepartureStation_id')[0m
  [1m[35m (0.2ms)[0m  PRAGMA index_info('index_reservations_on_ArrivalStation_id')
  [1m[36m (0.2ms)[0m  [1mPRAGMA index_info('index_reservations_on_Trip_id')[0m
  [1m[35m (0.2ms)[0m  PRAGMA index_info('index_reservations_on_User_id')
  [1m[36m (0.1ms)[0m  [1mPRAGMA index_list("stations")[0m
  [1m[35m (0.2ms)[0m  PRAGMA index_list("trains")
  [1m[36m (0.2ms)[0m  [1mPRAGMA index_list("trip_types")[0m
  [1m[35m (0.3ms)[0m  PRAGMA index_list("trips")
  [1m[36m (0.2ms)[0m  [1mPRAGMA index_info('index_trips_on_DepartureStation_id')[0m
  [1m[35m (0.2ms)[0m  PRAGMA index_info('index_trips_on_ArrivalStation_id')
  [1m[36m (0.2ms)[0m  [1mPRAGMA index_info('index_trips_on_Line_id')[0m
  [1m[35m (0.2ms)[0m  PRAGMA index_info('index_trips_on_Train_id')
  [1m[36m (0.2ms)[0m  [1mPRAGMA index_info('index_trips_on_TripType_id')[0m
  [1m[35m (0.2ms)[0m  PRAGMA index_list("users")
  [1m[36m (0.2ms)[0m  [1mPRAGMA index_info('index_users_on_reset_password_token')[0m
  [1m[35m (0.2ms)[0m  PRAGMA index_info('index_users_on_email')
Connecting to database specified by database.yml


Started GET "/assets/rails.png" for 127.0.0.1 at 2012-11-05 11:13:46 +0000
Served asset /rails.png - 200 OK (63ms)


Started GET "/trip" for 127.0.0.1 at 2012-11-05 11:13:50 +0000

ActionController::RoutingError (No route matches [GET] "/trip"):
  actionpack (3.2.8) lib/action_dispatch/middleware/debug_exceptions.rb:21:in `call'
  actionpack (3.2.8) lib/action_dispatch/middleware/show_exceptions.rb:56:in `call'
  railties (3.2.8) lib/rails/rack/logger.rb:26:in `call_app'
  railties (3.2.8) lib/rails/rack/logger.rb:16:in `call'
  actionpack (3.2.8) lib/action_dispatch/middleware/request_id.rb:22:in `call'
  rack (1.4.1) lib/rack/methodoverride.rb:21:in `call'
  rack (1.4.1) lib/rack/runtime.rb:17:in `call'
  activesupport (3.2.8) lib/active_support/cache/strategy/local_cache.rb:72:in `call'
  rack (1.4.1) lib/rack/lock.rb:15:in `call'
  actionpack (3.2.8) lib/action_dispatch/middleware/static.rb:62:in `call'
  railties (3.2.8) lib/rails/engine.rb:479:in `call'
  railties (3.2.8) lib/rails/application.rb:223:in `call'
  rack (1.4.1) lib/rack/content_length.rb:14:in `call'
  railties (3.2.8) lib/rails/rack/log_tailer.rb:17:in `call'
  rack (1.4.1) lib/rack/handler/webrick.rb:59:in `service'
  /home/everyone/.rvm/rubies/ruby-1.9.3-p194/lib/ruby/1.9.1/webrick/httpserver.rb:138:in `service'
  /home/everyone/.rvm/rubies/ruby-1.9.3-p194/lib/ruby/1.9.1/webrick/httpserver.rb:94:in `run'
  /home/everyone/.rvm/rubies/ruby-1.9.3-p194/lib/ruby/1.9.1/webrick/server.rb:191:in `block in start_thread'


  Rendered /home/everyone/.rvm/gems/ruby-1.9.3-p194/gems/actionpack-3.2.8/lib/action_dispatch/middleware/templates/rescues/routing_error.erb within rescues/layout (73.0ms)


Started GET "/trips" for 127.0.0.1 at 2012-11-05 11:13:52 +0000
Processing by TripsController#index as HTML
  [1m[36mTrip Load (0.4ms)[0m  [1mSELECT "trips".* FROM "trips" [0m
  Rendered trips/index.html.erb within layouts/application (5.0ms)
Compiled line_stations.css  (93ms)  (pid 2545)
Compiled lines.css  (8ms)  (pid 2545)
Compiled reservations.css  (5ms)  (pid 2545)
Compiled scaffolds.css  (94ms)  (pid 2545)
Compiled stations.css  (5ms)  (pid 2545)
Compiled trains.css  (5ms)  (pid 2545)
Compiled trip_types.css  (4ms)  (pid 2545)
Compiled trips.css  (4ms)  (pid 2545)
Compiled application.css  (521ms)  (pid 2545)
Compiled jquery.js  (27ms)  (pid 2545)
Compiled jquery_ujs.js  (1ms)  (pid 2545)
Compiled line_stations.js  (321ms)  (pid 2545)
Compiled lines.js  (4ms)  (pid 2545)
Compiled reservations.js  (2ms)  (pid 2545)
Compiled stations.js  (2ms)  (pid 2545)
Compiled trains.js  (2ms)  (pid 2545)
Compiled trip_types.js  (2ms)  (pid 2545)
Compiled trips.js  (2ms)  (pid 2545)
Compiled application.js  (871ms)  (pid 2545)
Completed 200 OK in 2186ms (Views: 2013.4ms | ActiveRecord: 10.0ms)


Started GET "/assets/application.css?body=1" for 127.0.0.1 at 2012-11-05 11:13:54 +0000
Served asset /application.css - 200 OK (204ms)


Started GET "/assets/lines.css?body=1" for 127.0.0.1 at 2012-11-05 11:13:54 +0000
Served asset /lines.css - 200 OK (18ms)


Started GET "/assets/reservations.css?body=1" for 127.0.0.1 at 2012-11-05 11:13:54 +0000
Served asset /reservations.css - 200 OK (108ms)


Started GET "/assets/scaffolds.css?body=1" for 127.0.0.1 at 2012-11-05 11:13:55 +0000
Served asset /scaffolds.css - 200 OK (25ms)


Started GET "/assets/stations.css?body=1" for 127.0.0.1 at 2012-11-05 11:13:55 +0000
Served asset /stations.css - 200 OK (33ms)


Started GET "/assets/line_stations.css?body=1" for 127.0.0.1 at 2012-11-05 11:13:55 +0000
Served asset /line_stations.css - 200 OK (21ms)


Started GET "/assets/trains.css?body=1" for 127.0.0.1 at 2012-11-05 11:13:55 +0000
Served asset /trains.css - 200 OK (28ms)


Started GET "/assets/trip_types.css?body=1" for 127.0.0.1 at 2012-11-05 11:13:55 +0000
Served asset /trip_types.css - 200 OK (21ms)


Started GET "/assets/trips.css?body=1" for 127.0.0.1 at 2012-11-05 11:13:55 +0000
Served asset /trips.css - 200 OK (17ms)


Started GET "/assets/jquery.js?body=1" for 127.0.0.1 at 2012-11-05 11:13:55 +0000
Served asset /jquery.js - 200 OK (34ms)


Started GET "/assets/jquery_ujs.js?body=1" for 127.0.0.1 at 2012-11-05 11:13:55 +0000
Served asset /jquery_ujs.js - 200 OK (22ms)


Started GET "/assets/line_stations.js?body=1" for 127.0.0.1 at 2012-11-05 11:13:55 +0000
Served asset /line_stations.js - 200 OK (31ms)


Started GET "/assets/lines.js?body=1" for 127.0.0.1 at 2012-11-05 11:13:55 +0000
Served asset /lines.js - 200 OK (16ms)


Started GET "/assets/reservations.js?body=1" for 127.0.0.1 at 2012-11-05 11:13:55 +0000
Served asset /reservations.js - 200 OK (39ms)


Started GET "/assets/stations.js?body=1" for 127.0.0.1 at 2012-11-05 11:13:55 +0000
Served asset /stations.js - 200 OK (32ms)


Started GET "/assets/trains.js?body=1" for 127.0.0.1 at 2012-11-05 11:13:55 +0000
Served asset /trains.js - 200 OK (21ms)


Started GET "/assets/trip_types.js?body=1" for 127.0.0.1 at 2012-11-05 11:13:55 +0000
Served asset /trip_types.js - 200 OK (23ms)


Started GET "/assets/trips.js?body=1" for 127.0.0.1 at 2012-11-05 11:13:55 +0000
Served asset /trips.js - 200 OK (15ms)


Started GET "/assets/application.js?body=1" for 127.0.0.1 at 2012-11-05 11:13:55 +0000
Served asset /application.js - 200 OK (88ms)
Connecting to database specified by database.yml
  [1m[36m (0.6ms)[0m  [1mSELECT "schema_migrations"."version" FROM "schema_migrations" [0m
Migrating to DeviseCreateUsers (20121105000051)
Migrating to CreateLines (20121105105705)
Migrating to CreateStations (20121105105742)
Migrating to CreateTripTypes (20121105105910)
Migrating to CreateTrains (20121105110012)
Migrating to CreateLineStations (20121105110106)
Migrating to CreateReservations (20121105110235)
Migrating to CreateTrips (20121105110403)
  [1m[35m (1.7ms)[0m  select sqlite_version(*)
  [1m[36m (0.5ms)[0m  [1mSELECT "schema_migrations"."version" FROM "schema_migrations" [0m
  [1m[35m (0.2ms)[0m  PRAGMA index_list("line_stations")
  [1m[36m (0.6ms)[0m  [1mPRAGMA index_info('index_line_stations_on_Station_id')[0m
  [1m[35m (0.4ms)[0m  PRAGMA index_info('index_line_stations_on_Line_id')
  [1m[36m (0.2ms)[0m  [1mPRAGMA index_list("lines")[0m
  [1m[35m (0.3ms)[0m  PRAGMA index_list("reservations")
  [1m[36m (0.2ms)[0m  [1mPRAGMA index_info('index_reservations_on_DepartureStation_id')[0m
  [1m[35m (0.4ms)[0m  PRAGMA index_info('index_reservations_on_ArrivalStation_id')
  [1m[36m (0.2ms)[0m  [1mPRAGMA index_info('index_reservations_on_Trip_id')[0m
  [1m[35m (0.2ms)[0m  PRAGMA index_info('index_reservations_on_User_id')
  [1m[36m (0.2ms)[0m  [1mPRAGMA index_list("stations")[0m
  [1m[35m (0.1ms)[0m  PRAGMA index_list("trains")
  [1m[36m (0.1ms)[0m  [1mPRAGMA index_list("trip_types")[0m
  [1m[35m (0.2ms)[0m  PRAGMA index_list("trips")
  [1m[36m (0.2ms)[0m  [1mPRAGMA index_info('index_trips_on_DepartureStation_id')[0m
  [1m[35m (0.2ms)[0m  PRAGMA index_info('index_trips_on_ArrivalStation_id')
  [1m[36m (0.2ms)[0m  [1mPRAGMA index_info('index_trips_on_Line_id')[0m
  [1m[35m (0.2ms)[0m  PRAGMA index_info('index_trips_on_Train_id')
  [1m[36m (0.2ms)[0m  [1mPRAGMA index_info('index_trips_on_TripType_id')[0m
  [1m[35m (0.3ms)[0m  PRAGMA index_list("users")
  [1m[36m (0.2ms)[0m  [1mPRAGMA index_info('index_users_on_reset_password_token')[0m
  [1m[35m (0.2ms)[0m  PRAGMA index_info('index_users_on_email')
Connecting to database specified by database.yml
Connecting to database specified by database.yml


Started GET "/trips" for 127.0.0.1 at 2012-11-05 11:24:15 +0000
Processing by TripsController#index as HTML
  [1m[36mTrip Load (0.4ms)[0m  [1mSELECT "trips".* FROM "trips" [0m
  Rendered trips/index.html.erb within layouts/application (25.1ms)
Completed 200 OK in 965ms (Views: 737.3ms | ActiveRecord: 10.7ms)


Started GET "/assets/application.css?body=1" for 127.0.0.1 at 2012-11-05 11:24:16 +0000
Served asset /application.css - 304 Not Modified (280ms)


Started GET "/assets/line_stations.css?body=1" for 127.0.0.1 at 2012-11-05 11:24:16 +0000
Served asset /line_stations.css - 304 Not Modified (27ms)


Started GET "/assets/lines.css?body=1" for 127.0.0.1 at 2012-11-05 11:24:16 +0000
Served asset /lines.css - 304 Not Modified (18ms)


Started GET "/assets/reservations.css?body=1" for 127.0.0.1 at 2012-11-05 11:24:17 +0000
Served asset /reservations.css - 304 Not Modified (25ms)


Started GET "/assets/scaffolds.css?body=1" for 127.0.0.1 at 2012-11-05 11:24:17 +0000
Served asset /scaffolds.css - 304 Not Modified (33ms)


Started GET "/assets/stations.css?body=1" for 127.0.0.1 at 2012-11-05 11:24:17 +0000
Served asset /stations.css - 304 Not Modified (28ms)


Started GET "/assets/trains.css?body=1" for 127.0.0.1 at 2012-11-05 11:24:17 +0000
Served asset /trains.css - 304 Not Modified (22ms)


Started GET "/assets/trip_types.css?body=1" for 127.0.0.1 at 2012-11-05 11:24:17 +0000
Served asset /trip_types.css - 304 Not Modified (23ms)


Started GET "/assets/trips.css?body=1" for 127.0.0.1 at 2012-11-05 11:24:17 +0000
Served asset /trips.css - 304 Not Modified (18ms)


Started GET "/assets/jquery.js?body=1" for 127.0.0.1 at 2012-11-05 11:24:17 +0000
Served asset /jquery.js - 304 Not Modified (30ms)


Started GET "/assets/jquery_ujs.js?body=1" for 127.0.0.1 at 2012-11-05 11:24:17 +0000
Served asset /jquery_ujs.js - 304 Not Modified (22ms)


Started GET "/assets/line_stations.js?body=1" for 127.0.0.1 at 2012-11-05 11:24:17 +0000
Served asset /line_stations.js - 304 Not Modified (22ms)


Started GET "/assets/lines.js?body=1" for 127.0.0.1 at 2012-11-05 11:24:17 +0000
Served asset /lines.js - 304 Not Modified (20ms)


Started GET "/assets/reservations.js?body=1" for 127.0.0.1 at 2012-11-05 11:24:17 +0000
Served asset /reservations.js - 304 Not Modified (24ms)


Started GET "/assets/stations.js?body=1" for 127.0.0.1 at 2012-11-05 11:24:17 +0000
Served asset /stations.js - 304 Not Modified (15ms)


Started GET "/assets/trains.js?body=1" for 127.0.0.1 at 2012-11-05 11:24:17 +0000
Served asset /trains.js - 304 Not Modified (36ms)


Started GET "/assets/trip_types.js?body=1" for 127.0.0.1 at 2012-11-05 11:24:17 +0000
Served asset /trip_types.js - 304 Not Modified (23ms)


Started GET "/assets/trips.js?body=1" for 127.0.0.1 at 2012-11-05 11:24:17 +0000
Served asset /trips.js - 304 Not Modified (21ms)


Started GET "/assets/application.js?body=1" for 127.0.0.1 at 2012-11-05 11:24:17 +0000
Served asset /application.js - 304 Not Modified (164ms)


Started GET "/trips/new" for 127.0.0.1 at 2012-11-05 11:24:19 +0000
Processing by TripsController#new as HTML
  Rendered trips/_form.html.erb (204.5ms)
  Rendered trips/new.html.erb within layouts/application (868.0ms)
Completed 500 Internal Server Error in 1043ms

ActionView::Template::Error (undefined method `TripType' for #<Trip:0x96ca29c>):
    17:   </div>
    18:   <div class="field">
    19:     <%= f.label :TripType %><br />
    20:     <%= f.text_field :TripType %>
    21:   </div>
    22:   <div class="field">
    23:     <%= f.label :Train %><br />
  app/views/trips/_form.html.erb:20:in `block in _app_views_trips__form_html_erb__325077530_78573420'
  app/views/trips/_form.html.erb:1:in `_app_views_trips__form_html_erb__325077530_78573420'
  app/views/trips/new.html.erb:3:in `_app_views_trips_new_html_erb__863656881_74634660'
  app/controllers/trips_controller.rb:29:in `new'


  Rendered /home/everyone/.rvm/gems/ruby-1.9.3-p194/gems/actionpack-3.2.8/lib/action_dispatch/middleware/templates/rescues/_trace.erb (28.9ms)
  Rendered /home/everyone/.rvm/gems/ruby-1.9.3-p194/gems/actionpack-3.2.8/lib/action_dispatch/middleware/templates/rescues/_request_and_response.erb (192.6ms)
  Rendered /home/everyone/.rvm/gems/ruby-1.9.3-p194/gems/actionpack-3.2.8/lib/action_dispatch/middleware/templates/rescues/template_error.erb within rescues/layout (318.3ms)


Started GET "/trips/new" for 127.0.0.1 at 2012-11-05 11:27:15 +0000
Processing by TripsController#new as HTML
  Rendered trips/_form.html.erb (294.9ms)
  Rendered trips/new.html.erb within layouts/application (297.5ms)
Completed 500 Internal Server Error in 376ms

ActionView::Template::Error (undefined method `Train' for #<Trip:0x9b6ba80>):
    21:   </div>
    22:   <div class="field">
    23:     <%= f.label :Train %><br />
    24:     <%= f.text_field :Train %>
    25:   </div>
    26:   <div class="field">
    27:     <%= f.label :Line %><br />
  app/views/trips/_form.html.erb:24:in `block in _app_views_trips__form_html_erb__325077530_71366670'
  app/views/trips/_form.html.erb:1:in `_app_views_trips__form_html_erb__325077530_71366670'
  app/views/trips/new.html.erb:3:in `_app_views_trips_new_html_erb__863656881_74634660'
  app/controllers/trips_controller.rb:29:in `new'


  Rendered /home/everyone/.rvm/gems/ruby-1.9.3-p194/gems/actionpack-3.2.8/lib/action_dispatch/middleware/templates/rescues/_trace.erb (12.2ms)
  Rendered /home/everyone/.rvm/gems/ruby-1.9.3-p194/gems/actionpack-3.2.8/lib/action_dispatch/middleware/templates/rescues/_request_and_response.erb (9.5ms)
  Rendered /home/everyone/.rvm/gems/ruby-1.9.3-p194/gems/actionpack-3.2.8/lib/action_dispatch/middleware/templates/rescues/template_error.erb within rescues/layout (99.3ms)


Started GET "/trips/new" for 127.0.0.1 at 2012-11-05 11:27:27 +0000
Processing by TripsController#new as HTML
  Rendered trips/_form.html.erb (46.1ms)
  Rendered trips/new.html.erb within layouts/application (49.3ms)
Completed 500 Internal Server Error in 64ms

ActionView::Template::Error (undefined method `Line' for #<Trip:0x8a08338>):
    25:   </div>
    26:   <div class="field">
    27:     <%= f.label :Line %><br />
    28:     <%= f.text_field :Line %>
    29:   </div>
    30:   <div class="field">
    31:     <%= f.label :ArrivalStation %><br />
  app/views/trips/_form.html.erb:28:in `block in _app_views_trips__form_html_erb__325077530_80500150'
  app/views/trips/_form.html.erb:1:in `_app_views_trips__form_html_erb__325077530_80500150'
  app/views/trips/new.html.erb:3:in `_app_views_trips_new_html_erb__863656881_74634660'
  app/controllers/trips_controller.rb:29:in `new'


  Rendered /home/everyone/.rvm/gems/ruby-1.9.3-p194/gems/actionpack-3.2.8/lib/action_dispatch/middleware/templates/rescues/_trace.erb (10.9ms)
  Rendered /home/everyone/.rvm/gems/ruby-1.9.3-p194/gems/actionpack-3.2.8/lib/action_dispatch/middleware/templates/rescues/_request_and_response.erb (4.9ms)
  Rendered /home/everyone/.rvm/gems/ruby-1.9.3-p194/gems/actionpack-3.2.8/lib/action_dispatch/middleware/templates/rescues/template_error.erb within rescues/layout (46.1ms)


Started GET "/trips/new" for 127.0.0.1 at 2012-11-05 11:27:35 +0000
Processing by TripsController#new as HTML
  Rendered trips/_form.html.erb (53.6ms)
  Rendered trips/new.html.erb within layouts/application (56.1ms)
Completed 500 Internal Server Error in 66ms

ActionView::Template::Error (undefined method `ArrivalStation' for #<Trip:0x88220dc>):
    29:   </div>
    30:   <div class="field">
    31:     <%= f.label :ArrivalStation %><br />
    32:     <%= f.text_field :ArrivalStation %>
    33:   </div>
    34:   <div class="field">
    35:     <%= f.label :DepartureStation %><br />
  app/views/trips/_form.html.erb:32:in `block in _app_views_trips__form_html_erb__325077530_72077080'
  app/views/trips/_form.html.erb:1:in `_app_views_trips__form_html_erb__325077530_72077080'
  app/views/trips/new.html.erb:3:in `_app_views_trips_new_html_erb__863656881_74634660'
  app/controllers/trips_controller.rb:29:in `new'


  Rendered /home/everyone/.rvm/gems/ruby-1.9.3-p194/gems/actionpack-3.2.8/lib/action_dispatch/middleware/templates/rescues/_trace.erb (13.3ms)
  Rendered /home/everyone/.rvm/gems/ruby-1.9.3-p194/gems/actionpack-3.2.8/lib/action_dispatch/middleware/templates/rescues/_request_and_response.erb (4.6ms)
  Rendered /home/everyone/.rvm/gems/ruby-1.9.3-p194/gems/actionpack-3.2.8/lib/action_dispatch/middleware/templates/rescues/template_error.erb within rescues/layout (48.0ms)


Started GET "/trips/new" for 127.0.0.1 at 2012-11-05 11:27:50 +0000
Processing by TripsController#new as HTML
  Rendered trips/_form.html.erb (62.8ms)
  Rendered trips/new.html.erb within layouts/application (66.4ms)
Completed 200 OK in 122ms (Views: 120.3ms | ActiveRecord: 0.0ms)


Started GET "/assets/application.css?body=1" for 127.0.0.1 at 2012-11-05 11:27:50 +0000
Served asset /application.css - 304 Not Modified (2ms)


Started GET "/assets/lines.css?body=1" for 127.0.0.1 at 2012-11-05 11:27:50 +0000
Served asset /lines.css - 304 Not Modified (0ms)


Started GET "/assets/reservations.css?body=1" for 127.0.0.1 at 2012-11-05 11:27:50 +0000
Served asset /reservations.css - 304 Not Modified (0ms)


Started GET "/assets/scaffolds.css?body=1" for 127.0.0.1 at 2012-11-05 11:27:50 +0000
Served asset /scaffolds.css - 304 Not Modified (0ms)


Started GET "/assets/stations.css?body=1" for 127.0.0.1 at 2012-11-05 11:27:50 +0000
Served asset /stations.css - 304 Not Modified (0ms)


Started GET "/assets/line_stations.css?body=1" for 127.0.0.1 at 2012-11-05 11:27:50 +0000
Served asset /line_stations.css - 304 Not Modified (0ms)


Started GET "/assets/jquery.js?body=1" for 127.0.0.1 at 2012-11-05 11:27:50 +0000
Served asset /jquery.js - 304 Not Modified (0ms)


Started GET "/assets/trips.css?body=1" for 127.0.0.1 at 2012-11-05 11:27:50 +0000
Served asset /trips.css - 304 Not Modified (4ms)


Started GET "/assets/trip_types.css?body=1" for 127.0.0.1 at 2012-11-05 11:27:50 +0000
Served asset /trip_types.css - 304 Not Modified (0ms)


Started GET "/assets/trains.css?body=1" for 127.0.0.1 at 2012-11-05 11:27:50 +0000
Served asset /trains.css - 304 Not Modified (0ms)


Started GET "/assets/jquery_ujs.js?body=1" for 127.0.0.1 at 2012-11-05 11:27:50 +0000
Served asset /jquery_ujs.js - 304 Not Modified (4ms)


Started GET "/assets/line_stations.js?body=1" for 127.0.0.1 at 2012-11-05 11:27:50 +0000
Served asset /line_stations.js - 304 Not Modified (0ms)


Started GET "/assets/lines.js?body=1" for 127.0.0.1 at 2012-11-05 11:27:50 +0000
Served asset /lines.js - 304 Not Modified (0ms)


Started GET "/assets/stations.js?body=1" for 127.0.0.1 at 2012-11-05 11:27:50 +0000
Served asset /stations.js - 304 Not Modified (0ms)


Started GET "/assets/reservations.js?body=1" for 127.0.0.1 at 2012-11-05 11:27:50 +0000
Served asset /reservations.js - 304 Not Modified (0ms)


Started GET "/assets/trains.js?body=1" for 127.0.0.1 at 2012-11-05 11:27:50 +0000
Served asset /trains.js - 304 Not Modified (0ms)


Started GET "/assets/trip_types.js?body=1" for 127.0.0.1 at 2012-11-05 11:27:51 +0000
Served asset /trip_types.js - 304 Not Modified (0ms)


Started GET "/assets/trips.js?body=1" for 127.0.0.1 at 2012-11-05 11:27:51 +0000
Served asset /trips.js - 304 Not Modified (0ms)


Started GET "/assets/application.js?body=1" for 127.0.0.1 at 2012-11-05 11:27:51 +0000
Served asset /application.js - 304 Not Modified (2ms)


Started GET "/trips/new" for 127.0.0.1 at 2012-11-05 11:28:11 +0000
Processing by TripsController#new as HTML
  Rendered trips/_form.html.erb (45.7ms)
  Rendered trips/new.html.erb within layouts/application (49.6ms)
Completed 200 OK in 104ms (Views: 102.7ms | ActiveRecord: 0.0ms)


Started GET "/assets/application.css?body=1" for 127.0.0.1 at 2012-11-05 11:28:11 +0000
Served asset /application.css - 304 Not Modified (11ms)


Started GET "/assets/line_stations.css?body=1" for 127.0.0.1 at 2012-11-05 11:28:11 +0000
Served asset /line_stations.css - 304 Not Modified (0ms)


Started GET "/assets/lines.css?body=1" for 127.0.0.1 at 2012-11-05 11:28:11 +0000
Served asset /lines.css - 304 Not Modified (0ms)


Started GET "/assets/reservations.css?body=1" for 127.0.0.1 at 2012-11-05 11:28:11 +0000
Served asset /reservations.css - 304 Not Modified (0ms)


Started GET "/assets/scaffolds.css?body=1" for 127.0.0.1 at 2012-11-05 11:28:11 +0000
Served asset /scaffolds.css - 304 Not Modified (0ms)


Started GET "/assets/stations.css?body=1" for 127.0.0.1 at 2012-11-05 11:28:11 +0000
Served asset /stations.css - 304 Not Modified (0ms)


Started GET "/assets/trains.css?body=1" for 127.0.0.1 at 2012-11-05 11:28:11 +0000
Served asset /trains.css - 304 Not Modified (0ms)


Started GET "/assets/trips.css?body=1" for 127.0.0.1 at 2012-11-05 11:28:11 +0000
Served asset /trips.css - 304 Not Modified (0ms)


Started GET "/assets/trip_types.css?body=1" for 127.0.0.1 at 2012-11-05 11:28:11 +0000
Served asset /trip_types.css - 304 Not Modified (0ms)


Started GET "/assets/jquery_ujs.js?body=1" for 127.0.0.1 at 2012-11-05 11:28:11 +0000
Served asset /jquery_ujs.js - 304 Not Modified (0ms)


Started GET "/assets/jquery.js?body=1" for 127.0.0.1 at 2012-11-05 11:28:11 +0000
Served asset /jquery.js - 304 Not Modified (0ms)


Started GET "/assets/line_stations.js?body=1" for 127.0.0.1 at 2012-11-05 11:28:12 +0000
Served asset /line_stations.js - 304 Not Modified (0ms)


Started GET "/assets/lines.js?body=1" for 127.0.0.1 at 2012-11-05 11:28:12 +0000
Served asset /lines.js - 304 Not Modified (0ms)


Started GET "/assets/reservations.js?body=1" for 127.0.0.1 at 2012-11-05 11:28:12 +0000
Served asset /reservations.js - 304 Not Modified (0ms)


Started GET "/assets/stations.js?body=1" for 127.0.0.1 at 2012-11-05 11:28:12 +0000
Served asset /stations.js - 304 Not Modified (0ms)


Started GET "/assets/trains.js?body=1" for 127.0.0.1 at 2012-11-05 11:28:12 +0000
Served asset /trains.js - 304 Not Modified (0ms)


Started GET "/assets/trip_types.js?body=1" for 127.0.0.1 at 2012-11-05 11:28:12 +0000
Served asset /trip_types.js - 304 Not Modified (0ms)


Started GET "/assets/trips.js?body=1" for 127.0.0.1 at 2012-11-05 11:28:12 +0000
Served asset /trips.js - 304 Not Modified (0ms)


Started GET "/assets/application.js?body=1" for 127.0.0.1 at 2012-11-05 11:28:12 +0000
Served asset /application.js - 304 Not Modified (5ms)


Started GET "/trips/new" for 127.0.0.1 at 2012-11-05 11:28:25 +0000
Processing by TripsController#new as HTML
  Rendered trips/_form.html.erb (57.3ms)
  Rendered trips/new.html.erb within layouts/application (62.1ms)
Completed 200 OK in 155ms (Views: 153.2ms | ActiveRecord: 0.0ms)


Started GET "/assets/application.css?body=1" for 127.0.0.1 at 2012-11-05 11:28:25 +0000
Served asset /application.css - 304 Not Modified (10ms)


Started GET "/assets/lines.css?body=1" for 127.0.0.1 at 2012-11-05 11:28:25 +0000
Served asset /lines.css - 304 Not Modified (0ms)


Started GET "/assets/reservations.css?body=1" for 127.0.0.1 at 2012-11-05 11:28:25 +0000
Served asset /reservations.css - 304 Not Modified (0ms)


Started GET "/assets/scaffolds.css?body=1" for 127.0.0.1 at 2012-11-05 11:28:25 +0000
Served asset /scaffolds.css - 304 Not Modified (0ms)


Started GET "/assets/stations.css?body=1" for 127.0.0.1 at 2012-11-05 11:28:25 +0000
Served asset /stations.css - 304 Not Modified (3ms)


Started GET "/assets/line_stations.css?body=1" for 127.0.0.1 at 2012-11-05 11:28:26 +0000
Served asset /line_stations.css - 304 Not Modified (0ms)


Started GET "/assets/trains.css?body=1" for 127.0.0.1 at 2012-11-05 11:28:26 +0000
Served asset /trains.css - 304 Not Modified (0ms)


Started GET "/assets/trip_types.css?body=1" for 127.0.0.1 at 2012-11-05 11:28:26 +0000
Served asset /trip_types.css - 304 Not Modified (0ms)


Started GET "/assets/trips.css?body=1" for 127.0.0.1 at 2012-11-05 11:28:26 +0000
Served asset /trips.css - 304 Not Modified (0ms)


Started GET "/assets/jquery.js?body=1" for 127.0.0.1 at 2012-11-05 11:28:26 +0000
Served asset /jquery.js - 304 Not Modified (0ms)


Started GET "/assets/jquery_ujs.js?body=1" for 127.0.0.1 at 2012-11-05 11:28:26 +0000
Served asset /jquery_ujs.js - 304 Not Modified (0ms)


Started GET "/assets/line_stations.js?body=1" for 127.0.0.1 at 2012-11-05 11:28:26 +0000
Served asset /line_stations.js - 304 Not Modified (0ms)


Started GET "/assets/lines.js?body=1" for 127.0.0.1 at 2012-11-05 11:28:26 +0000
Served asset /lines.js - 304 Not Modified (2ms)


Started GET "/assets/reservations.js?body=1" for 127.0.0.1 at 2012-11-05 11:28:26 +0000
Served asset /reservations.js - 304 Not Modified (0ms)


Started GET "/assets/stations.js?body=1" for 127.0.0.1 at 2012-11-05 11:28:26 +0000
Served asset /stations.js - 304 Not Modified (0ms)


Started GET "/assets/trains.js?body=1" for 127.0.0.1 at 2012-11-05 11:28:26 +0000
Served asset /trains.js - 304 Not Modified (4ms)


Started GET "/assets/trip_types.js?body=1" for 127.0.0.1 at 2012-11-05 11:28:26 +0000
Served asset /trip_types.js - 304 Not Modified (0ms)


Started GET "/assets/trips.js?body=1" for 127.0.0.1 at 2012-11-05 11:28:26 +0000
Served asset /trips.js - 304 Not Modified (0ms)


Started GET "/assets/application.js?body=1" for 127.0.0.1 at 2012-11-05 11:28:26 +0000
Served asset /application.js - 304 Not Modified (7ms)


Started GET "/tripType" for 127.0.0.1 at 2012-11-05 11:28:33 +0000

ActionController::RoutingError (No route matches [GET] "/tripType"):
  actionpack (3.2.8) lib/action_dispatch/middleware/debug_exceptions.rb:21:in `call'
  actionpack (3.2.8) lib/action_dispatch/middleware/show_exceptions.rb:56:in `call'
  railties (3.2.8) lib/rails/rack/logger.rb:26:in `call_app'
  railties (3.2.8) lib/rails/rack/logger.rb:16:in `call'
  actionpack (3.2.8) lib/action_dispatch/middleware/request_id.rb:22:in `call'
  rack (1.4.1) lib/rack/methodoverride.rb:21:in `call'
  rack (1.4.1) lib/rack/runtime.rb:17:in `call'
  activesupport (3.2.8) lib/active_support/cache/strategy/local_cache.rb:72:in `call'
  rack (1.4.1) lib/rack/lock.rb:15:in `call'
  actionpack (3.2.8) lib/action_dispatch/middleware/static.rb:62:in `call'
  railties (3.2.8) lib/rails/engine.rb:479:in `call'
  railties (3.2.8) lib/rails/application.rb:223:in `call'
  rack (1.4.1) lib/rack/content_length.rb:14:in `call'
  railties (3.2.8) lib/rails/rack/log_tailer.rb:17:in `call'
  rack (1.4.1) lib/rack/handler/webrick.rb:59:in `service'
  /home/everyone/.rvm/rubies/ruby-1.9.3-p194/lib/ruby/1.9.1/webrick/httpserver.rb:138:in `service'
  /home/everyone/.rvm/rubies/ruby-1.9.3-p194/lib/ruby/1.9.1/webrick/httpserver.rb:94:in `run'
  /home/everyone/.rvm/rubies/ruby-1.9.3-p194/lib/ruby/1.9.1/webrick/server.rb:191:in `block in start_thread'


  Rendered /home/everyone/.rvm/gems/ruby-1.9.3-p194/gems/actionpack-3.2.8/lib/action_dispatch/middleware/templates/rescues/routing_error.erb within rescues/layout (2.9ms)


Started GET "/tripTypes" for 127.0.0.1 at 2012-11-05 11:28:37 +0000

ActionController::RoutingError (No route matches [GET] "/tripTypes"):
  actionpack (3.2.8) lib/action_dispatch/middleware/debug_exceptions.rb:21:in `call'
  actionpack (3.2.8) lib/action_dispatch/middleware/show_exceptions.rb:56:in `call'
  railties (3.2.8) lib/rails/rack/logger.rb:26:in `call_app'
  railties (3.2.8) lib/rails/rack/logger.rb:16:in `call'
  actionpack (3.2.8) lib/action_dispatch/middleware/request_id.rb:22:in `call'
  rack (1.4.1) lib/rack/methodoverride.rb:21:in `call'
  rack (1.4.1) lib/rack/runtime.rb:17:in `call'
  activesupport (3.2.8) lib/active_support/cache/strategy/local_cache.rb:72:in `call'
  rack (1.4.1) lib/rack/lock.rb:15:in `call'
  actionpack (3.2.8) lib/action_dispatch/middleware/static.rb:62:in `call'
  railties (3.2.8) lib/rails/engine.rb:479:in `call'
  railties (3.2.8) lib/rails/application.rb:223:in `call'
  rack (1.4.1) lib/rack/content_length.rb:14:in `call'
  railties (3.2.8) lib/rails/rack/log_tailer.rb:17:in `call'
  rack (1.4.1) lib/rack/handler/webrick.rb:59:in `service'
  /home/everyone/.rvm/rubies/ruby-1.9.3-p194/lib/ruby/1.9.1/webrick/httpserver.rb:138:in `service'
  /home/everyone/.rvm/rubies/ruby-1.9.3-p194/lib/ruby/1.9.1/webrick/httpserver.rb:94:in `run'
  /home/everyone/.rvm/rubies/ruby-1.9.3-p194/lib/ruby/1.9.1/webrick/server.rb:191:in `block in start_thread'


  Rendered /home/everyone/.rvm/gems/ruby-1.9.3-p194/gems/actionpack-3.2.8/lib/action_dispatch/middleware/templates/rescues/routing_error.erb within rescues/layout (6.0ms)


Started GET "/trip_types" for 127.0.0.1 at 2012-11-05 11:28:41 +0000
Processing by TripTypesController#index as HTML
  [1m[35mTripType Load (0.3ms)[0m  SELECT "trip_types".* FROM "trip_types" 
  Rendered trip_types/index.html.erb within layouts/application (4.2ms)
Completed 200 OK in 69ms (Views: 58.9ms | ActiveRecord: 1.4ms)


Started GET "/assets/application.css?body=1" for 127.0.0.1 at 2012-11-05 11:28:41 +0000
Served asset /application.css - 304 Not Modified (8ms)


Started GET "/assets/lines.css?body=1" for 127.0.0.1 at 2012-11-05 11:28:41 +0000
Served asset /lines.css - 304 Not Modified (0ms)


Started GET "/assets/reservations.css?body=1" for 127.0.0.1 at 2012-11-05 11:28:41 +0000
Served asset /reservations.css - 304 Not Modified (0ms)


Started GET "/assets/scaffolds.css?body=1" for 127.0.0.1 at 2012-11-05 11:28:42 +0000
Served asset /scaffolds.css - 304 Not Modified (0ms)


Started GET "/assets/stations.css?body=1" for 127.0.0.1 at 2012-11-05 11:28:42 +0000
Served asset /stations.css - 304 Not Modified (0ms)


Started GET "/assets/line_stations.css?body=1" for 127.0.0.1 at 2012-11-05 11:28:42 +0000
Served asset /line_stations.css - 304 Not Modified (0ms)


Started GET "/assets/trains.css?body=1" for 127.0.0.1 at 2012-11-05 11:28:42 +0000
Served asset /trains.css - 304 Not Modified (0ms)


Started GET "/assets/trip_types.css?body=1" for 127.0.0.1 at 2012-11-05 11:28:42 +0000
Served asset /trip_types.css - 304 Not Modified (0ms)


Started GET "/assets/trips.css?body=1" for 127.0.0.1 at 2012-11-05 11:28:42 +0000
Served asset /trips.css - 304 Not Modified (0ms)


Started GET "/assets/jquery.js?body=1" for 127.0.0.1 at 2012-11-05 11:28:42 +0000
Served asset /jquery.js - 304 Not Modified (0ms)


Started GET "/assets/jquery_ujs.js?body=1" for 127.0.0.1 at 2012-11-05 11:28:42 +0000
Served asset /jquery_ujs.js - 304 Not Modified (1ms)


Started GET "/assets/line_stations.js?body=1" for 127.0.0.1 at 2012-11-05 11:28:42 +0000
Served asset /line_stations.js - 304 Not Modified (0ms)


Started GET "/assets/lines.js?body=1" for 127.0.0.1 at 2012-11-05 11:28:42 +0000
Served asset /lines.js - 304 Not Modified (0ms)


Started GET "/assets/reservations.js?body=1" for 127.0.0.1 at 2012-11-05 11:28:42 +0000
Served asset /reservations.js - 304 Not Modified (0ms)


Started GET "/assets/stations.js?body=1" for 127.0.0.1 at 2012-11-05 11:28:42 +0000
Served asset /stations.js - 304 Not Modified (0ms)


Started GET "/assets/trains.js?body=1" for 127.0.0.1 at 2012-11-05 11:28:42 +0000
Served asset /trains.js - 304 Not Modified (0ms)


Started GET "/assets/trip_types.js?body=1" for 127.0.0.1 at 2012-11-05 11:28:42 +0000
Served asset /trip_types.js - 304 Not Modified (15ms)


Started GET "/assets/trips.js?body=1" for 127.0.0.1 at 2012-11-05 11:28:42 +0000
Served asset /trips.js - 304 Not Modified (0ms)


Started GET "/assets/application.js?body=1" for 127.0.0.1 at 2012-11-05 11:28:42 +0000
Served asset /application.js - 304 Not Modified (2ms)


Started GET "/trip_types/new" for 127.0.0.1 at 2012-11-05 11:28:45 +0000
Processing by TripTypesController#new as HTML
  Rendered trip_types/_form.html.erb (23.7ms)
  Rendered trip_types/new.html.erb within layouts/application (29.5ms)
Completed 200 OK in 113ms (Views: 80.8ms | ActiveRecord: 0.0ms)


Started GET "/assets/application.css?body=1" for 127.0.0.1 at 2012-11-05 11:28:45 +0000
Served asset /application.css - 304 Not Modified (3ms)


Started GET "/assets/lines.css?body=1" for 127.0.0.1 at 2012-11-05 11:28:45 +0000
Served asset /lines.css - 304 Not Modified (0ms)


Started GET "/assets/reservations.css?body=1" for 127.0.0.1 at 2012-11-05 11:28:45 +0000
Served asset /reservations.css - 304 Not Modified (0ms)


Started GET "/assets/scaffolds.css?body=1" for 127.0.0.1 at 2012-11-05 11:28:45 +0000
Served asset /scaffolds.css - 304 Not Modified (0ms)


Started GET "/assets/stations.css?body=1" for 127.0.0.1 at 2012-11-05 11:28:45 +0000
Served asset /stations.css - 304 Not Modified (0ms)


Started GET "/assets/line_stations.css?body=1" for 127.0.0.1 at 2012-11-05 11:28:45 +0000
Served asset /line_stations.css - 304 Not Modified (0ms)


Started GET "/assets/trains.css?body=1" for 127.0.0.1 at 2012-11-05 11:28:45 +0000
Served asset /trains.css - 304 Not Modified (0ms)


Started GET "/assets/trips.css?body=1" for 127.0.0.1 at 2012-11-05 11:28:45 +0000
Served asset /trips.css - 304 Not Modified (0ms)


Started GET "/assets/trip_types.css?body=1" for 127.0.0.1 at 2012-11-05 11:28:45 +0000
Served asset /trip_types.css - 304 Not Modified (0ms)


Started GET "/assets/jquery.js?body=1" for 127.0.0.1 at 2012-11-05 11:28:45 +0000
Served asset /jquery.js - 304 Not Modified (0ms)


Started GET "/assets/jquery_ujs.js?body=1" for 127.0.0.1 at 2012-11-05 11:28:45 +0000
Served asset /jquery_ujs.js - 304 Not Modified (0ms)


Started GET "/assets/line_stations.js?body=1" for 127.0.0.1 at 2012-11-05 11:28:46 +0000
Served asset /line_stations.js - 304 Not Modified (0ms)


Started GET "/assets/lines.js?body=1" for 127.0.0.1 at 2012-11-05 11:28:46 +0000
Served asset /lines.js - 304 Not Modified (0ms)


Started GET "/assets/reservations.js?body=1" for 127.0.0.1 at 2012-11-05 11:28:46 +0000
Served asset /reservations.js - 304 Not Modified (0ms)


Started GET "/assets/stations.js?body=1" for 127.0.0.1 at 2012-11-05 11:28:46 +0000
Served asset /stations.js - 304 Not Modified (0ms)


Started GET "/assets/trains.js?body=1" for 127.0.0.1 at 2012-11-05 11:28:46 +0000
Served asset /trains.js - 304 Not Modified (0ms)


Started GET "/assets/trip_types.js?body=1" for 127.0.0.1 at 2012-11-05 11:28:46 +0000
Served asset /trip_types.js - 304 Not Modified (0ms)


Started GET "/assets/trips.js?body=1" for 127.0.0.1 at 2012-11-05 11:28:46 +0000
Served asset /trips.js - 304 Not Modified (0ms)


Started GET "/assets/application.js?body=1" for 127.0.0.1 at 2012-11-05 11:28:46 +0000
Served asset /application.js - 304 Not Modified (6ms)


Started GET "/trip_types" for 127.0.0.1 at 2012-11-05 11:28:50 +0000
Processing by TripTypesController#index as HTML
  [1m[36mTripType Load (0.5ms)[0m  [1mSELECT "trip_types".* FROM "trip_types" [0m
  Rendered trip_types/index.html.erb within layouts/application (1.2ms)
Completed 200 OK in 56ms (Views: 52.1ms | ActiveRecord: 0.5ms)


Started GET "/assets/application.css?body=1" for 127.0.0.1 at 2012-11-05 11:28:50 +0000
Served asset /application.css - 304 Not Modified (2ms)


Started GET "/assets/line_stations.css?body=1" for 127.0.0.1 at 2012-11-05 11:28:50 +0000
Served asset /line_stations.css - 304 Not Modified (0ms)


Started GET "/assets/reservations.css?body=1" for 127.0.0.1 at 2012-11-05 11:28:50 +0000
Served asset /reservations.css - 304 Not Modified (0ms)


Started GET "/assets/scaffolds.css?body=1" for 127.0.0.1 at 2012-11-05 11:28:50 +0000
Served asset /scaffolds.css - 304 Not Modified (0ms)


Started GET "/assets/stations.css?body=1" for 127.0.0.1 at 2012-11-05 11:28:50 +0000
Served asset /stations.css - 304 Not Modified (0ms)


Started GET "/assets/lines.css?body=1" for 127.0.0.1 at 2012-11-05 11:28:50 +0000
Served asset /lines.css - 304 Not Modified (0ms)


Started GET "/assets/trains.css?body=1" for 127.0.0.1 at 2012-11-05 11:28:50 +0000
Served asset /trains.css - 304 Not Modified (0ms)


Started GET "/assets/trip_types.css?body=1" for 127.0.0.1 at 2012-11-05 11:28:50 +0000
Served asset /trip_types.css - 304 Not Modified (0ms)


Started GET "/assets/trips.css?body=1" for 127.0.0.1 at 2012-11-05 11:28:50 +0000
Served asset /trips.css - 304 Not Modified (0ms)


Started GET "/assets/jquery.js?body=1" for 127.0.0.1 at 2012-11-05 11:28:50 +0000
Served asset /jquery.js - 304 Not Modified (0ms)


Started GET "/assets/jquery_ujs.js?body=1" for 127.0.0.1 at 2012-11-05 11:28:50 +0000
Served asset /jquery_ujs.js - 304 Not Modified (0ms)


Started GET "/assets/line_stations.js?body=1" for 127.0.0.1 at 2012-11-05 11:28:50 +0000
Served asset /line_stations.js - 304 Not Modified (11ms)


Started GET "/assets/lines.js?body=1" for 127.0.0.1 at 2012-11-05 11:28:50 +0000
Served asset /lines.js - 304 Not Modified (0ms)


Started GET "/assets/reservations.js?body=1" for 127.0.0.1 at 2012-11-05 11:28:50 +0000
Served asset /reservations.js - 304 Not Modified (0ms)


Started GET "/assets/stations.js?body=1" for 127.0.0.1 at 2012-11-05 11:28:50 +0000
Served asset /stations.js - 304 Not Modified (0ms)


Started GET "/assets/trains.js?body=1" for 127.0.0.1 at 2012-11-05 11:28:50 +0000
Served asset /trains.js - 304 Not Modified (0ms)


Started GET "/assets/trip_types.js?body=1" for 127.0.0.1 at 2012-11-05 11:28:50 +0000
Served asset /trip_types.js - 304 Not Modified (5ms)


Started GET "/assets/trips.js?body=1" for 127.0.0.1 at 2012-11-05 11:28:50 +0000
Served asset /trips.js - 304 Not Modified (0ms)


Started GET "/assets/application.js?body=1" for 127.0.0.1 at 2012-11-05 11:28:50 +0000
Served asset /application.js - 304 Not Modified (6ms)


Started GET "/trains" for 127.0.0.1 at 2012-11-05 11:28:54 +0000
Processing by TrainsController#index as HTML
  [1m[35mTrain Load (0.3ms)[0m  SELECT "trains".* FROM "trains" 
  Rendered trains/index.html.erb within layouts/application (4.4ms)
Completed 200 OK in 78ms (Views: 64.8ms | ActiveRecord: 1.6ms)


Started GET "/assets/application.css?body=1" for 127.0.0.1 at 2012-11-05 11:28:55 +0000
Served asset /application.css - 304 Not Modified (2ms)


Started GET "/assets/lines.css?body=1" for 127.0.0.1 at 2012-11-05 11:28:55 +0000
Served asset /lines.css - 304 Not Modified (0ms)


Started GET "/assets/reservations.css?body=1" for 127.0.0.1 at 2012-11-05 11:28:55 +0000
Served asset /reservations.css - 304 Not Modified (0ms)


Started GET "/assets/scaffolds.css?body=1" for 127.0.0.1 at 2012-11-05 11:28:55 +0000
Served asset /scaffolds.css - 304 Not Modified (0ms)


Started GET "/assets/stations.css?body=1" for 127.0.0.1 at 2012-11-05 11:28:55 +0000
Served asset /stations.css - 304 Not Modified (0ms)


Started GET "/assets/line_stations.css?body=1" for 127.0.0.1 at 2012-11-05 11:28:55 +0000
Served asset /line_stations.css - 304 Not Modified (0ms)


Started GET "/assets/trains.css?body=1" for 127.0.0.1 at 2012-11-05 11:28:55 +0000
Served asset /trains.css - 304 Not Modified (0ms)


Started GET "/assets/trips.css?body=1" for 127.0.0.1 at 2012-11-05 11:28:55 +0000
Served asset /trips.css - 304 Not Modified (0ms)


Started GET "/assets/trip_types.css?body=1" for 127.0.0.1 at 2012-11-05 11:28:55 +0000
Served asset /trip_types.css - 304 Not Modified (0ms)


Started GET "/assets/jquery.js?body=1" for 127.0.0.1 at 2012-11-05 11:28:55 +0000
Served asset /jquery.js - 304 Not Modified (0ms)


Started GET "/assets/jquery_ujs.js?body=1" for 127.0.0.1 at 2012-11-05 11:28:55 +0000
Served asset /jquery_ujs.js - 304 Not Modified (4ms)


Started GET "/assets/line_stations.js?body=1" for 127.0.0.1 at 2012-11-05 11:28:55 +0000
Served asset /line_stations.js - 304 Not Modified (0ms)


Started GET "/assets/lines.js?body=1" for 127.0.0.1 at 2012-11-05 11:28:55 +0000
Served asset /lines.js - 304 Not Modified (5ms)


Started GET "/assets/stations.js?body=1" for 127.0.0.1 at 2012-11-05 11:28:55 +0000
Served asset /stations.js - 304 Not Modified (0ms)


Started GET "/assets/reservations.js?body=1" for 127.0.0.1 at 2012-11-05 11:28:55 +0000
Served asset /reservations.js - 304 Not Modified (0ms)


Started GET "/assets/trains.js?body=1" for 127.0.0.1 at 2012-11-05 11:28:55 +0000
Served asset /trains.js - 304 Not Modified (0ms)


Started GET "/assets/trip_types.js?body=1" for 127.0.0.1 at 2012-11-05 11:28:55 +0000
Served asset /trip_types.js - 304 Not Modified (0ms)


Started GET "/assets/trips.js?body=1" for 127.0.0.1 at 2012-11-05 11:28:55 +0000
Served asset /trips.js - 304 Not Modified (0ms)


Started GET "/assets/application.js?body=1" for 127.0.0.1 at 2012-11-05 11:28:55 +0000
Served asset /application.js - 304 Not Modified (2ms)


Started GET "/trains/new" for 127.0.0.1 at 2012-11-05 11:28:56 +0000
Processing by TrainsController#new as HTML
  Rendered trains/_form.html.erb (21.9ms)
  Rendered trains/new.html.erb within layouts/application (27.4ms)
Completed 200 OK in 127ms (Views: 94.7ms | ActiveRecord: 0.0ms)


Started GET "/assets/application.css?body=1" for 127.0.0.1 at 2012-11-05 11:28:57 +0000
Served asset /application.css - 304 Not Modified (9ms)


Started GET "/assets/lines.css?body=1" for 127.0.0.1 at 2012-11-05 11:28:57 +0000
Served asset /lines.css - 304 Not Modified (0ms)


Started GET "/assets/reservations.css?body=1" for 127.0.0.1 at 2012-11-05 11:28:57 +0000
Served asset /reservations.css - 304 Not Modified (0ms)


Started GET "/assets/scaffolds.css?body=1" for 127.0.0.1 at 2012-11-05 11:28:57 +0000
Served asset /scaffolds.css - 304 Not Modified (0ms)


Started GET "/assets/stations.css?body=1" for 127.0.0.1 at 2012-11-05 11:28:57 +0000
Served asset /stations.css - 304 Not Modified (0ms)


Started GET "/assets/line_stations.css?body=1" for 127.0.0.1 at 2012-11-05 11:28:57 +0000
Served asset /line_stations.css - 304 Not Modified (0ms)


Started GET "/assets/trains.css?body=1" for 127.0.0.1 at 2012-11-05 11:28:57 +0000
Served asset /trains.css - 304 Not Modified (0ms)


Started GET "/assets/trips.css?body=1" for 127.0.0.1 at 2012-11-05 11:28:57 +0000
Served asset /trips.css - 304 Not Modified (0ms)


Started GET "/assets/trip_types.css?body=1" for 127.0.0.1 at 2012-11-05 11:28:57 +0000
Served asset /trip_types.css - 304 Not Modified (0ms)


Started GET "/assets/jquery.js?body=1" for 127.0.0.1 at 2012-11-05 11:28:57 +0000
Served asset /jquery.js - 304 Not Modified (3ms)


Started GET "/assets/jquery_ujs.js?body=1" for 127.0.0.1 at 2012-11-05 11:28:57 +0000
Served asset /jquery_ujs.js - 304 Not Modified (0ms)


Started GET "/assets/line_stations.js?body=1" for 127.0.0.1 at 2012-11-05 11:28:57 +0000
Served asset /line_stations.js - 304 Not Modified (0ms)


Started GET "/assets/lines.js?body=1" for 127.0.0.1 at 2012-11-05 11:28:57 +0000
Served asset /lines.js - 304 Not Modified (0ms)


Started GET "/assets/reservations.js?body=1" for 127.0.0.1 at 2012-11-05 11:28:57 +0000
Served asset /reservations.js - 304 Not Modified (0ms)


Started GET "/assets/stations.js?body=1" for 127.0.0.1 at 2012-11-05 11:28:57 +0000
Served asset /stations.js - 304 Not Modified (0ms)


Started GET "/assets/trains.js?body=1" for 127.0.0.1 at 2012-11-05 11:28:57 +0000
Served asset /trains.js - 304 Not Modified (0ms)


Started GET "/assets/trip_types.js?body=1" for 127.0.0.1 at 2012-11-05 11:28:57 +0000
Served asset /trip_types.js - 304 Not Modified (0ms)


Started GET "/assets/trips.js?body=1" for 127.0.0.1 at 2012-11-05 11:28:57 +0000
Served asset /trips.js - 304 Not Modified (0ms)


Started GET "/assets/application.js?body=1" for 127.0.0.1 at 2012-11-05 11:28:57 +0000
Served asset /application.js - 304 Not Modified (2ms)


Started GET "/user" for 127.0.0.1 at 2012-11-05 11:29:02 +0000

ActionController::RoutingError (No route matches [GET] "/user"):
  actionpack (3.2.8) lib/action_dispatch/middleware/debug_exceptions.rb:21:in `call'
  actionpack (3.2.8) lib/action_dispatch/middleware/show_exceptions.rb:56:in `call'
  railties (3.2.8) lib/rails/rack/logger.rb:26:in `call_app'
  railties (3.2.8) lib/rails/rack/logger.rb:16:in `call'
  actionpack (3.2.8) lib/action_dispatch/middleware/request_id.rb:22:in `call'
  rack (1.4.1) lib/rack/methodoverride.rb:21:in `call'
  rack (1.4.1) lib/rack/runtime.rb:17:in `call'
  activesupport (3.2.8) lib/active_support/cache/strategy/local_cache.rb:72:in `call'
  rack (1.4.1) lib/rack/lock.rb:15:in `call'
  actionpack (3.2.8) lib/action_dispatch/middleware/static.rb:62:in `call'
  railties (3.2.8) lib/rails/engine.rb:479:in `call'
  railties (3.2.8) lib/rails/application.rb:223:in `call'
  rack (1.4.1) lib/rack/content_length.rb:14:in `call'
  railties (3.2.8) lib/rails/rack/log_tailer.rb:17:in `call'
  rack (1.4.1) lib/rack/handler/webrick.rb:59:in `service'
  /home/everyone/.rvm/rubies/ruby-1.9.3-p194/lib/ruby/1.9.1/webrick/httpserver.rb:138:in `service'
  /home/everyone/.rvm/rubies/ruby-1.9.3-p194/lib/ruby/1.9.1/webrick/httpserver.rb:94:in `run'
  /home/everyone/.rvm/rubies/ruby-1.9.3-p194/lib/ruby/1.9.1/webrick/server.rb:191:in `block in start_thread'


  Rendered /home/everyone/.rvm/gems/ruby-1.9.3-p194/gems/actionpack-3.2.8/lib/action_dispatch/middleware/templates/rescues/routing_error.erb within rescues/layout (3.9ms)


Started GET "/User" for 127.0.0.1 at 2012-11-05 11:29:06 +0000

ActionController::RoutingError (No route matches [GET] "/User"):
  actionpack (3.2.8) lib/action_dispatch/middleware/debug_exceptions.rb:21:in `call'
  actionpack (3.2.8) lib/action_dispatch/middleware/show_exceptions.rb:56:in `call'
  railties (3.2.8) lib/rails/rack/logger.rb:26:in `call_app'
  railties (3.2.8) lib/rails/rack/logger.rb:16:in `call'
  actionpack (3.2.8) lib/action_dispatch/middleware/request_id.rb:22:in `call'
  rack (1.4.1) lib/rack/methodoverride.rb:21:in `call'
  rack (1.4.1) lib/rack/runtime.rb:17:in `call'
  activesupport (3.2.8) lib/active_support/cache/strategy/local_cache.rb:72:in `call'
  rack (1.4.1) lib/rack/lock.rb:15:in `call'
  actionpack (3.2.8) lib/action_dispatch/middleware/static.rb:62:in `call'
  railties (3.2.8) lib/rails/engine.rb:479:in `call'
  railties (3.2.8) lib/rails/application.rb:223:in `call'
  rack (1.4.1) lib/rack/content_length.rb:14:in `call'
  railties (3.2.8) lib/rails/rack/log_tailer.rb:17:in `call'
  rack (1.4.1) lib/rack/handler/webrick.rb:59:in `service'
  /home/everyone/.rvm/rubies/ruby-1.9.3-p194/lib/ruby/1.9.1/webrick/httpserver.rb:138:in `service'
  /home/everyone/.rvm/rubies/ruby-1.9.3-p194/lib/ruby/1.9.1/webrick/httpserver.rb:94:in `run'
  /home/everyone/.rvm/rubies/ruby-1.9.3-p194/lib/ruby/1.9.1/webrick/server.rb:191:in `block in start_thread'


  Rendered /home/everyone/.rvm/gems/ruby-1.9.3-p194/gems/actionpack-3.2.8/lib/action_dispatch/middleware/templates/rescues/routing_error.erb within rescues/layout (2.9ms)
Connecting to database specified by database.yml
Connecting to database specified by database.yml
Connecting to database specified by database.yml


Started GET "/Users" for 127.0.0.1 at 2012-11-05 13:27:54 +0000

ActionController::RoutingError (No route matches [GET] "/Users"):
  actionpack (3.2.8) lib/action_dispatch/middleware/debug_exceptions.rb:21:in `call'
  actionpack (3.2.8) lib/action_dispatch/middleware/show_exceptions.rb:56:in `call'
  railties (3.2.8) lib/rails/rack/logger.rb:26:in `call_app'
  railties (3.2.8) lib/rails/rack/logger.rb:16:in `call'
  actionpack (3.2.8) lib/action_dispatch/middleware/request_id.rb:22:in `call'
  rack (1.4.1) lib/rack/methodoverride.rb:21:in `call'
  rack (1.4.1) lib/rack/runtime.rb:17:in `call'
  activesupport (3.2.8) lib/active_support/cache/strategy/local_cache.rb:72:in `call'
  rack (1.4.1) lib/rack/lock.rb:15:in `call'
  actionpack (3.2.8) lib/action_dispatch/middleware/static.rb:62:in `call'
  railties (3.2.8) lib/rails/engine.rb:479:in `call'
  railties (3.2.8) lib/rails/application.rb:223:in `call'
  rack (1.4.1) lib/rack/content_length.rb:14:in `call'
  railties (3.2.8) lib/rails/rack/log_tailer.rb:17:in `call'
  rack (1.4.1) lib/rack/handler/webrick.rb:59:in `service'
  /home/everyone/.rvm/rubies/ruby-1.9.3-p194/lib/ruby/1.9.1/webrick/httpserver.rb:138:in `service'
  /home/everyone/.rvm/rubies/ruby-1.9.3-p194/lib/ruby/1.9.1/webrick/httpserver.rb:94:in `run'
  /home/everyone/.rvm/rubies/ruby-1.9.3-p194/lib/ruby/1.9.1/webrick/server.rb:191:in `block in start_thread'


  Rendered /home/everyone/.rvm/gems/ruby-1.9.3-p194/gems/actionpack-3.2.8/lib/action_dispatch/middleware/templates/rescues/routing_error.erb within rescues/layout (3.8ms)


Started GET "/Users" for 127.0.0.1 at 2012-11-05 13:27:56 +0000

ActionController::RoutingError (No route matches [GET] "/Users"):
  actionpack (3.2.8) lib/action_dispatch/middleware/debug_exceptions.rb:21:in `call'
  actionpack (3.2.8) lib/action_dispatch/middleware/show_exceptions.rb:56:in `call'
  railties (3.2.8) lib/rails/rack/logger.rb:26:in `call_app'
  railties (3.2.8) lib/rails/rack/logger.rb:16:in `call'
  actionpack (3.2.8) lib/action_dispatch/middleware/request_id.rb:22:in `call'
  rack (1.4.1) lib/rack/methodoverride.rb:21:in `call'
  rack (1.4.1) lib/rack/runtime.rb:17:in `call'
  activesupport (3.2.8) lib/active_support/cache/strategy/local_cache.rb:72:in `call'
  rack (1.4.1) lib/rack/lock.rb:15:in `call'
  actionpack (3.2.8) lib/action_dispatch/middleware/static.rb:62:in `call'
  railties (3.2.8) lib/rails/engine.rb:479:in `call'
  railties (3.2.8) lib/rails/application.rb:223:in `call'
  rack (1.4.1) lib/rack/content_length.rb:14:in `call'
  railties (3.2.8) lib/rails/rack/log_tailer.rb:17:in `call'
  rack (1.4.1) lib/rack/handler/webrick.rb:59:in `service'
  /home/everyone/.rvm/rubies/ruby-1.9.3-p194/lib/ruby/1.9.1/webrick/httpserver.rb:138:in `service'
  /home/everyone/.rvm/rubies/ruby-1.9.3-p194/lib/ruby/1.9.1/webrick/httpserver.rb:94:in `run'
  /home/everyone/.rvm/rubies/ruby-1.9.3-p194/lib/ruby/1.9.1/webrick/server.rb:191:in `block in start_thread'


  Rendered /home/everyone/.rvm/gems/ruby-1.9.3-p194/gems/actionpack-3.2.8/lib/action_dispatch/middleware/templates/rescues/routing_error.erb within rescues/layout (1.1ms)
Connecting to database specified by database.yml


Started GET "/new_user_registration" for 127.0.0.1 at 2012-11-05 13:28:47 +0000

ActionController::RoutingError (No route matches [GET] "/new_user_registration"):
  actionpack (3.2.8) lib/action_dispatch/middleware/debug_exceptions.rb:21:in `call'
  actionpack (3.2.8) lib/action_dispatch/middleware/show_exceptions.rb:56:in `call'
  railties (3.2.8) lib/rails/rack/logger.rb:26:in `call_app'
  railties (3.2.8) lib/rails/rack/logger.rb:16:in `call'
  actionpack (3.2.8) lib/action_dispatch/middleware/request_id.rb:22:in `call'
  rack (1.4.1) lib/rack/methodoverride.rb:21:in `call'
  rack (1.4.1) lib/rack/runtime.rb:17:in `call'
  activesupport (3.2.8) lib/active_support/cache/strategy/local_cache.rb:72:in `call'
  rack (1.4.1) lib/rack/lock.rb:15:in `call'
  actionpack (3.2.8) lib/action_dispatch/middleware/static.rb:62:in `call'
  railties (3.2.8) lib/rails/engine.rb:479:in `call'
  railties (3.2.8) lib/rails/application.rb:223:in `call'
  rack (1.4.1) lib/rack/content_length.rb:14:in `call'
  railties (3.2.8) lib/rails/rack/log_tailer.rb:17:in `call'
  rack (1.4.1) lib/rack/handler/webrick.rb:59:in `service'
  /home/everyone/.rvm/rubies/ruby-1.9.3-p194/lib/ruby/1.9.1/webrick/httpserver.rb:138:in `service'
  /home/everyone/.rvm/rubies/ruby-1.9.3-p194/lib/ruby/1.9.1/webrick/httpserver.rb:94:in `run'
  /home/everyone/.rvm/rubies/ruby-1.9.3-p194/lib/ruby/1.9.1/webrick/server.rb:191:in `block in start_thread'


  Rendered /home/everyone/.rvm/gems/ruby-1.9.3-p194/gems/actionpack-3.2.8/lib/action_dispatch/middleware/templates/rescues/routing_error.erb within rescues/layout (1.1ms)


Started GET "/users/sign_up" for 127.0.0.1 at 2012-11-05 13:29:03 +0000
Processing by Devise::RegistrationsController#new as HTML
  Rendered /home/everyone/.rvm/gems/ruby-1.9.3-p194/gems/devise-2.1.2/app/views/devise/shared/_links.erb (3.0ms)
  Rendered /home/everyone/.rvm/gems/ruby-1.9.3-p194/gems/devise-2.1.2/app/views/devise/registrations/new.html.erb within layouts/application (30.3ms)
Completed 200 OK in 297ms (Views: 174.6ms | ActiveRecord: 25.8ms)


Started GET "/assets/application.css?body=1" for 127.0.0.1 at 2012-11-05 13:29:03 +0000
Served asset /application.css - 200 OK (88ms)


Started GET "/assets/lines.css?body=1" for 127.0.0.1 at 2012-11-05 13:29:03 +0000
Served asset /lines.css - 200 OK (2ms)


Started GET "/assets/line_stations.css?body=1" for 127.0.0.1 at 2012-11-05 13:29:03 +0000
Served asset /line_stations.css - 200 OK (1ms)


Started GET "/assets/reservations.css?body=1" for 127.0.0.1 at 2012-11-05 13:29:03 +0000
Served asset /reservations.css - 200 OK (1ms)


Started GET "/assets/stations.css?body=1" for 127.0.0.1 at 2012-11-05 13:29:03 +0000
Served asset /stations.css - 200 OK (1ms)


Started GET "/assets/scaffolds.css?body=1" for 127.0.0.1 at 2012-11-05 13:29:03 +0000
Served asset /scaffolds.css - 200 OK (1ms)


Started GET "/assets/trains.css?body=1" for 127.0.0.1 at 2012-11-05 13:29:03 +0000
Served asset /trains.css - 200 OK (1ms)


Started GET "/assets/trip_types.css?body=1" for 127.0.0.1 at 2012-11-05 13:29:03 +0000
Served asset /trip_types.css - 200 OK (12ms)


Started GET "/assets/trips.css?body=1" for 127.0.0.1 at 2012-11-05 13:29:03 +0000
Served asset /trips.css - 200 OK (4ms)


Started GET "/assets/jquery.js?body=1" for 127.0.0.1 at 2012-11-05 13:29:03 +0000
Served asset /jquery.js - 200 OK (2ms)


Started GET "/assets/jquery_ujs.js?body=1" for 127.0.0.1 at 2012-11-05 13:29:03 +0000
Served asset /jquery_ujs.js - 200 OK (11ms)


Started GET "/assets/line_stations.js?body=1" for 127.0.0.1 at 2012-11-05 13:29:04 +0000
Served asset /line_stations.js - 200 OK (1ms)


Started GET "/assets/lines.js?body=1" for 127.0.0.1 at 2012-11-05 13:29:04 +0000
Served asset /lines.js - 200 OK (1ms)


Started GET "/assets/reservations.js?body=1" for 127.0.0.1 at 2012-11-05 13:29:04 +0000
Served asset /reservations.js - 200 OK (5ms)


Started GET "/assets/stations.js?body=1" for 127.0.0.1 at 2012-11-05 13:29:04 +0000
Served asset /stations.js - 200 OK (1ms)


Started GET "/assets/trains.js?body=1" for 127.0.0.1 at 2012-11-05 13:29:04 +0000
Served asset /trains.js - 200 OK (1ms)


Started GET "/assets/trip_types.js?body=1" for 127.0.0.1 at 2012-11-05 13:29:04 +0000
Served asset /trip_types.js - 200 OK (1ms)


Started GET "/assets/trips.js?body=1" for 127.0.0.1 at 2012-11-05 13:29:04 +0000
Served asset /trips.js - 200 OK (4ms)


Started GET "/assets/application.js?body=1" for 127.0.0.1 at 2012-11-05 13:29:04 +0000
Served asset /application.js - 200 OK (25ms)


Started GET "/reservations" for 127.0.0.1 at 2012-11-05 13:31:24 +0000
Processing by ReservationsController#index as HTML
  [1m[36mReservation Load (0.1ms)[0m  [1mSELECT "reservations".* FROM "reservations" [0m
  Rendered reservations/index.html.erb within layouts/application (5.0ms)
Completed 200 OK in 90ms (Views: 85.9ms | ActiveRecord: 0.5ms)


Started GET "/reservations/new" for 127.0.0.1 at 2012-11-05 13:31:26 +0000
Processing by ReservationsController#new as HTML
  Rendered reservations/_form.html.erb (43.3ms)
  Rendered reservations/new.html.erb within layouts/application (45.0ms)
Completed 500 Internal Server Error in 63ms

ActionView::Template::Error (undefined method `User' for #<Reservation:0xb81b20c>):
    17:   </div>
    18:   <div class="field">
    19:     <%= f.label :User %><br />
    20:     <%= f.text_field :User %>
    21:   </div>
    22:   <div class="field">
    23:     <%= f.label :Trip %><br />
  app/views/reservations/_form.html.erb:20:in `block in _app_views_reservations__form_html_erb___490793516_95322230'
  app/views/reservations/_form.html.erb:1:in `_app_views_reservations__form_html_erb___490793516_95322230'
  app/views/reservations/new.html.erb:3:in `_app_views_reservations_new_html_erb___901658680_95556670'
  app/controllers/reservations_controller.rb:29:in `new'


  Rendered /home/everyone/.rvm/gems/ruby-1.9.3-p194/gems/actionpack-3.2.8/lib/action_dispatch/middleware/templates/rescues/_trace.erb (2.6ms)
  Rendered /home/everyone/.rvm/gems/ruby-1.9.3-p194/gems/actionpack-3.2.8/lib/action_dispatch/middleware/templates/rescues/_request_and_response.erb (1.3ms)
  Rendered /home/everyone/.rvm/gems/ruby-1.9.3-p194/gems/actionpack-3.2.8/lib/action_dispatch/middleware/templates/rescues/template_error.erb within rescues/layout (13.3ms)


Started GET "/reservations/new" for 127.0.0.1 at 2012-11-05 13:32:06 +0000
Processing by ReservationsController#new as HTML
  Rendered reservations/_form.html.erb (77.0ms)
  Rendered reservations/new.html.erb within layouts/application (77.8ms)
Completed 500 Internal Server Error in 81ms

ActionView::Template::Error (undefined method `arrivalStation' for #<Reservation:0xb40d5fc>):
    25:   </div>
    26:   <div class="field">
    27:     <%= f.label :ArrivalStation %><br />
    28:     <%= f.text_field :arrivalStation %>
    29:   </div>
    30:   <div class="field">
    31:     <%= f.label :DepartureStation %><br />
  app/views/reservations/_form.html.erb:28:in `block in _app_views_reservations__form_html_erb___490793516_92853160'
  app/views/reservations/_form.html.erb:1:in `_app_views_reservations__form_html_erb___490793516_92853160'
  app/views/reservations/new.html.erb:3:in `_app_views_reservations_new_html_erb___901658680_95556670'
  app/controllers/reservations_controller.rb:29:in `new'


  Rendered /home/everyone/.rvm/gems/ruby-1.9.3-p194/gems/actionpack-3.2.8/lib/action_dispatch/middleware/templates/rescues/_trace.erb (2.0ms)
  Rendered /home/everyone/.rvm/gems/ruby-1.9.3-p194/gems/actionpack-3.2.8/lib/action_dispatch/middleware/templates/rescues/_request_and_response.erb (1.5ms)
  Rendered /home/everyone/.rvm/gems/ruby-1.9.3-p194/gems/actionpack-3.2.8/lib/action_dispatch/middleware/templates/rescues/template_error.erb within rescues/layout (12.3ms)


Started GET "/reservations/new" for 127.0.0.1 at 2012-11-05 13:32:17 +0000
Processing by ReservationsController#new as HTML
  Rendered reservations/_form.html.erb (6.0ms)
  Rendered reservations/new.html.erb within layouts/application (8.4ms)
Completed 500 Internal Server Error in 13ms

ActionView::Template::Error (undefined method `arrival_station' for #<Reservation:0xa3fd48c>):
    25:   </div>
    26:   <div class="field">
    27:     <%= f.label :ArrivalStation %><br />
    28:     <%= f.text_field :arrival_station %>
    29:   </div>
    30:   <div class="field">
    31:     <%= f.label :DepartureStation %><br />
  app/views/reservations/_form.html.erb:28:in `block in _app_views_reservations__form_html_erb___490793516_95819830'
  app/views/reservations/_form.html.erb:1:in `_app_views_reservations__form_html_erb___490793516_95819830'
  app/views/reservations/new.html.erb:3:in `_app_views_reservations_new_html_erb___901658680_95556670'
  app/controllers/reservations_controller.rb:29:in `new'


  Rendered /home/everyone/.rvm/gems/ruby-1.9.3-p194/gems/actionpack-3.2.8/lib/action_dispatch/middleware/templates/rescues/_trace.erb (2.1ms)
  Rendered /home/everyone/.rvm/gems/ruby-1.9.3-p194/gems/actionpack-3.2.8/lib/action_dispatch/middleware/templates/rescues/_request_and_response.erb (1.4ms)
  Rendered /home/everyone/.rvm/gems/ruby-1.9.3-p194/gems/actionpack-3.2.8/lib/action_dispatch/middleware/templates/rescues/template_error.erb within rescues/layout (13.7ms)


Started GET "/reservations/new" for 127.0.0.1 at 2012-11-05 13:32:18 +0000
Processing by ReservationsController#new as HTML
  Rendered reservations/_form.html.erb (4.5ms)
  Rendered reservations/new.html.erb within layouts/application (5.2ms)
Completed 500 Internal Server Error in 8ms

ActionView::Template::Error (undefined method `arrival_station' for #<Reservation:0xa9acb08>):
    25:   </div>
    26:   <div class="field">
    27:     <%= f.label :ArrivalStation %><br />
    28:     <%= f.text_field :arrival_station %>
    29:   </div>
    30:   <div class="field">
    31:     <%= f.label :DepartureStation %><br />
  app/views/reservations/_form.html.erb:28:in `block in _app_views_reservations__form_html_erb___490793516_95819830'
  app/views/reservations/_form.html.erb:1:in `_app_views_reservations__form_html_erb___490793516_95819830'
  app/views/reservations/new.html.erb:3:in `_app_views_reservations_new_html_erb___901658680_95556670'
  app/controllers/reservations_controller.rb:29:in `new'


  Rendered /home/everyone/.rvm/gems/ruby-1.9.3-p194/gems/actionpack-3.2.8/lib/action_dispatch/middleware/templates/rescues/_trace.erb (1.8ms)
  Rendered /home/everyone/.rvm/gems/ruby-1.9.3-p194/gems/actionpack-3.2.8/lib/action_dispatch/middleware/templates/rescues/_request_and_response.erb (1.5ms)
  Rendered /home/everyone/.rvm/gems/ruby-1.9.3-p194/gems/actionpack-3.2.8/lib/action_dispatch/middleware/templates/rescues/template_error.erb within rescues/layout (11.8ms)


Started GET "/reservations/new" for 127.0.0.1 at 2012-11-05 13:32:18 +0000
Processing by ReservationsController#new as HTML
  Rendered reservations/_form.html.erb (5.1ms)
  Rendered reservations/new.html.erb within layouts/application (6.9ms)
Completed 500 Internal Server Error in 13ms

ActionView::Template::Error (undefined method `arrival_station' for #<Reservation:0xb55cfe8>):
    25:   </div>
    26:   <div class="field">
    27:     <%= f.label :ArrivalStation %><br />
    28:     <%= f.text_field :arrival_station %>
    29:   </div>
    30:   <div class="field">
    31:     <%= f.label :DepartureStation %><br />
  app/views/reservations/_form.html.erb:28:in `block in _app_views_reservations__form_html_erb___490793516_95819830'
  app/views/reservations/_form.html.erb:1:in `_app_views_reservations__form_html_erb___490793516_95819830'
  app/views/reservations/new.html.erb:3:in `_app_views_reservations_new_html_erb___901658680_95556670'
  app/controllers/reservations_controller.rb:29:in `new'


  Rendered /home/everyone/.rvm/gems/ruby-1.9.3-p194/gems/actionpack-3.2.8/lib/action_dispatch/middleware/templates/rescues/_trace.erb (2.4ms)
  Rendered /home/everyone/.rvm/gems/ruby-1.9.3-p194/gems/actionpack-3.2.8/lib/action_dispatch/middleware/templates/rescues/_request_and_response.erb (1.4ms)
  Rendered /home/everyone/.rvm/gems/ruby-1.9.3-p194/gems/actionpack-3.2.8/lib/action_dispatch/middleware/templates/rescues/template_error.erb within rescues/layout (13.4ms)


Started GET "/reservations/new" for 127.0.0.1 at 2012-11-05 13:32:18 +0000
Processing by ReservationsController#new as HTML
  Rendered reservations/_form.html.erb (7.8ms)
  Rendered reservations/new.html.erb within layouts/application (8.9ms)
Completed 500 Internal Server Error in 14ms

ActionView::Template::Error (undefined method `arrival_station' for #<Reservation:0xac66ec0>):
    25:   </div>
    26:   <div class="field">
    27:     <%= f.label :ArrivalStation %><br />
    28:     <%= f.text_field :arrival_station %>
    29:   </div>
    30:   <div class="field">
    31:     <%= f.label :DepartureStation %><br />
  app/views/reservations/_form.html.erb:28:in `block in _app_views_reservations__form_html_erb___490793516_95819830'
  app/views/reservations/_form.html.erb:1:in `_app_views_reservations__form_html_erb___490793516_95819830'
  app/views/reservations/new.html.erb:3:in `_app_views_reservations_new_html_erb___901658680_95556670'
  app/controllers/reservations_controller.rb:29:in `new'


  Rendered /home/everyone/.rvm/gems/ruby-1.9.3-p194/gems/actionpack-3.2.8/lib/action_dispatch/middleware/templates/rescues/_trace.erb (1.9ms)
  Rendered /home/everyone/.rvm/gems/ruby-1.9.3-p194/gems/actionpack-3.2.8/lib/action_dispatch/middleware/templates/rescues/_request_and_response.erb (1.9ms)
  Rendered /home/everyone/.rvm/gems/ruby-1.9.3-p194/gems/actionpack-3.2.8/lib/action_dispatch/middleware/templates/rescues/template_error.erb within rescues/layout (13.0ms)


Started GET "/reservations/new" for 127.0.0.1 at 2012-11-05 13:32:33 +0000
Processing by ReservationsController#new as HTML
  Rendered reservations/_form.html.erb (9.0ms)
  Rendered reservations/new.html.erb within layouts/application (9.9ms)
Completed 200 OK in 24ms (Views: 23.1ms | ActiveRecord: 0.0ms)


Started GET "/assets/application.css?body=1" for 127.0.0.1 at 2012-11-05 13:32:33 +0000
Served asset /application.css - 304 Not Modified (0ms)


Started GET "/assets/lines.css?body=1" for 127.0.0.1 at 2012-11-05 13:32:33 +0000
Served asset /lines.css - 304 Not Modified (0ms)


Started GET "/assets/reservations.css?body=1" for 127.0.0.1 at 2012-11-05 13:32:33 +0000
Served asset /reservations.css - 304 Not Modified (0ms)


Started GET "/assets/scaffolds.css?body=1" for 127.0.0.1 at 2012-11-05 13:32:33 +0000
Served asset /scaffolds.css - 304 Not Modified (0ms)


Started GET "/assets/stations.css?body=1" for 127.0.0.1 at 2012-11-05 13:32:33 +0000
Served asset /stations.css - 304 Not Modified (0ms)


Started GET "/assets/trains.css?body=1" for 127.0.0.1 at 2012-11-05 13:32:33 +0000
Served asset /trains.css - 304 Not Modified (0ms)


Started GET "/assets/line_stations.css?body=1" for 127.0.0.1 at 2012-11-05 13:32:33 +0000
Served asset /line_stations.css - 304 Not Modified (0ms)


Started GET "/assets/trip_types.css?body=1" for 127.0.0.1 at 2012-11-05 13:32:33 +0000
Served asset /trip_types.css - 304 Not Modified (0ms)


Started GET "/assets/trips.css?body=1" for 127.0.0.1 at 2012-11-05 13:32:33 +0000
Served asset /trips.css - 304 Not Modified (0ms)


Started GET "/assets/jquery.js?body=1" for 127.0.0.1 at 2012-11-05 13:32:33 +0000
Served asset /jquery.js - 304 Not Modified (0ms)


Started GET "/assets/jquery_ujs.js?body=1" for 127.0.0.1 at 2012-11-05 13:32:33 +0000
Served asset /jquery_ujs.js - 304 Not Modified (0ms)


Started GET "/assets/line_stations.js?body=1" for 127.0.0.1 at 2012-11-05 13:32:33 +0000
Served asset /line_stations.js - 304 Not Modified (0ms)


Started GET "/assets/lines.js?body=1" for 127.0.0.1 at 2012-11-05 13:32:33 +0000
Served asset /lines.js - 304 Not Modified (0ms)


Started GET "/assets/reservations.js?body=1" for 127.0.0.1 at 2012-11-05 13:32:33 +0000
Served asset /reservations.js - 304 Not Modified (0ms)


Started GET "/assets/stations.js?body=1" for 127.0.0.1 at 2012-11-05 13:32:33 +0000
Served asset /stations.js - 304 Not Modified (0ms)


Started GET "/assets/trains.js?body=1" for 127.0.0.1 at 2012-11-05 13:32:33 +0000
Served asset /trains.js - 304 Not Modified (0ms)


Started GET "/assets/trip_types.js?body=1" for 127.0.0.1 at 2012-11-05 13:32:33 +0000
Served asset /trip_types.js - 304 Not Modified (0ms)


Started GET "/assets/application.js?body=1" for 127.0.0.1 at 2012-11-05 13:32:33 +0000
Served asset /application.js - 304 Not Modified (0ms)


Started GET "/assets/trips.js?body=1" for 127.0.0.1 at 2012-11-05 13:32:33 +0000
Served asset /trips.js - 304 Not Modified (0ms)


Started GET "/reservations/linestation" for 127.0.0.1 at 2012-11-05 13:32:49 +0000
Processing by ReservationsController#show as HTML
  Parameters: {"id"=>"linestation"}
  [1m[35mReservation Load (0.4ms)[0m  SELECT "reservations".* FROM "reservations" WHERE "reservations"."id" = ? LIMIT 1  [["id", "linestation"]]
Completed 500 Internal Server Error in 4ms

ActiveRecord::RecordNotFound (Couldn't find Reservation with id=linestation):
  app/controllers/reservations_controller.rb:16:in `show'


  Rendered /home/everyone/.rvm/gems/ruby-1.9.3-p194/gems/actionpack-3.2.8/lib/action_dispatch/middleware/templates/rescues/_trace.erb (2.2ms)
  Rendered /home/everyone/.rvm/gems/ruby-1.9.3-p194/gems/actionpack-3.2.8/lib/action_dispatch/middleware/templates/rescues/_request_and_response.erb (1.7ms)
  Rendered /home/everyone/.rvm/gems/ruby-1.9.3-p194/gems/actionpack-3.2.8/lib/action_dispatch/middleware/templates/rescues/diagnostics.erb within rescues/layout (14.8ms)


Started GET "/reservations/linestations" for 127.0.0.1 at 2012-11-05 13:32:51 +0000
Processing by ReservationsController#show as HTML
  Parameters: {"id"=>"linestations"}
  [1m[36mReservation Load (0.1ms)[0m  [1mSELECT "reservations".* FROM "reservations" WHERE "reservations"."id" = ? LIMIT 1[0m  [["id", "linestations"]]
Completed 500 Internal Server Error in 7ms

ActiveRecord::RecordNotFound (Couldn't find Reservation with id=linestations):
  app/controllers/reservations_controller.rb:16:in `show'


  Rendered /home/everyone/.rvm/gems/ruby-1.9.3-p194/gems/actionpack-3.2.8/lib/action_dispatch/middleware/templates/rescues/_trace.erb (1.7ms)
  Rendered /home/everyone/.rvm/gems/ruby-1.9.3-p194/gems/actionpack-3.2.8/lib/action_dispatch/middleware/templates/rescues/_request_and_response.erb (1.3ms)
  Rendered /home/everyone/.rvm/gems/ruby-1.9.3-p194/gems/actionpack-3.2.8/lib/action_dispatch/middleware/templates/rescues/diagnostics.erb within rescues/layout (11.2ms)


Started GET "/reservations/line:stations" for 127.0.0.1 at 2012-11-05 13:32:54 +0000
Processing by ReservationsController#show as HTML
  Parameters: {"id"=>"line:stations"}
  [1m[35mReservation Load (0.1ms)[0m  SELECT "reservations".* FROM "reservations" WHERE "reservations"."id" = ? LIMIT 1  [["id", "line:stations"]]
Completed 500 Internal Server Error in 1ms

ActiveRecord::RecordNotFound (Couldn't find Reservation with id=line:stations):
  app/controllers/reservations_controller.rb:16:in `show'


  Rendered /home/everyone/.rvm/gems/ruby-1.9.3-p194/gems/actionpack-3.2.8/lib/action_dispatch/middleware/templates/rescues/_trace.erb (1.8ms)
  Rendered /home/everyone/.rvm/gems/ruby-1.9.3-p194/gems/actionpack-3.2.8/lib/action_dispatch/middleware/templates/rescues/_request_and_response.erb (2.3ms)
  Rendered /home/everyone/.rvm/gems/ruby-1.9.3-p194/gems/actionpack-3.2.8/lib/action_dispatch/middleware/templates/rescues/diagnostics.erb within rescues/layout (13.4ms)


Started GET "/line_stations" for 127.0.0.1 at 2012-11-05 13:33:00 +0000
Processing by LineStationsController#index as HTML
  [1m[36mLineStation Load (0.2ms)[0m  [1mSELECT "line_stations".* FROM "line_stations" [0m
  Rendered line_stations/index.html.erb within layouts/application (2.5ms)
Completed 200 OK in 79ms (Views: 73.4ms | ActiveRecord: 0.6ms)


Started GET "/assets/application.css?body=1" for 127.0.0.1 at 2012-11-05 13:33:00 +0000
Served asset /application.css - 304 Not Modified (0ms)


Started GET "/assets/lines.css?body=1" for 127.0.0.1 at 2012-11-05 13:33:00 +0000
Served asset /lines.css - 304 Not Modified (0ms)


Started GET "/assets/reservations.css?body=1" for 127.0.0.1 at 2012-11-05 13:33:00 +0000
Served asset /reservations.css - 304 Not Modified (0ms)


Started GET "/assets/scaffolds.css?body=1" for 127.0.0.1 at 2012-11-05 13:33:00 +0000
Served asset /scaffolds.css - 304 Not Modified (0ms)


Started GET "/assets/stations.css?body=1" for 127.0.0.1 at 2012-11-05 13:33:00 +0000
Served asset /stations.css - 304 Not Modified (0ms)


Started GET "/assets/trains.css?body=1" for 127.0.0.1 at 2012-11-05 13:33:00 +0000
Served asset /trains.css - 304 Not Modified (0ms)


Started GET "/assets/line_stations.css?body=1" for 127.0.0.1 at 2012-11-05 13:33:00 +0000
Served asset /line_stations.css - 304 Not Modified (0ms)


Started GET "/assets/jquery.js?body=1" for 127.0.0.1 at 2012-11-05 13:33:00 +0000
Served asset /jquery.js - 304 Not Modified (0ms)


Started GET "/assets/trip_types.css?body=1" for 127.0.0.1 at 2012-11-05 13:33:00 +0000
Served asset /trip_types.css - 304 Not Modified (0ms)


Started GET "/assets/trips.css?body=1" for 127.0.0.1 at 2012-11-05 13:33:00 +0000
Served asset /trips.css - 304 Not Modified (0ms)


Started GET "/assets/jquery_ujs.js?body=1" for 127.0.0.1 at 2012-11-05 13:33:00 +0000
Served asset /jquery_ujs.js - 304 Not Modified (0ms)


Started GET "/assets/lines.js?body=1" for 127.0.0.1 at 2012-11-05 13:33:00 +0000
Served asset /lines.js - 304 Not Modified (0ms)


Started GET "/assets/reservations.js?body=1" for 127.0.0.1 at 2012-11-05 13:33:00 +0000
Served asset /reservations.js - 304 Not Modified (0ms)


Started GET "/assets/stations.js?body=1" for 127.0.0.1 at 2012-11-05 13:33:00 +0000
Served asset /stations.js - 304 Not Modified (0ms)


Started GET "/assets/trains.js?body=1" for 127.0.0.1 at 2012-11-05 13:33:00 +0000
Served asset /trains.js - 304 Not Modified (0ms)


Started GET "/assets/line_stations.js?body=1" for 127.0.0.1 at 2012-11-05 13:33:00 +0000
Served asset /line_stations.js - 304 Not Modified (0ms)


Started GET "/assets/trip_types.js?body=1" for 127.0.0.1 at 2012-11-05 13:33:00 +0000
Served asset /trip_types.js - 304 Not Modified (0ms)


Started GET "/assets/application.js?body=1" for 127.0.0.1 at 2012-11-05 13:33:00 +0000
Served asset /application.js - 304 Not Modified (0ms)


Started GET "/assets/trips.js?body=1" for 127.0.0.1 at 2012-11-05 13:33:00 +0000
Served asset /trips.js - 304 Not Modified (0ms)


Started GET "/line_stations/new" for 127.0.0.1 at 2012-11-05 13:33:02 +0000
Processing by LineStationsController#new as HTML
  Rendered line_stations/_form.html.erb (43.3ms)
  Rendered line_stations/new.html.erb within layouts/application (44.6ms)
Completed 500 Internal Server Error in 57ms

ActionView::Template::Error (undefined method `Line' for #<LineStation:0xb769750>):
    21:   </div>
    22:   <div class="field">
    23:     <%= f.label :Line %><br />
    24:     <%= f.text_field :Line %>
    25:   </div>
    26:   <div class="field">
    27:     <%= f.label :Station %><br />
  app/views/line_stations/_form.html.erb:24:in `block in _app_views_line_stations__form_html_erb___602143032_97180730'
  app/views/line_stations/_form.html.erb:1:in `_app_views_line_stations__form_html_erb___602143032_97180730'
  app/views/line_stations/new.html.erb:3:in `_app_views_line_stations_new_html_erb___294501548_97187170'
  app/controllers/line_stations_controller.rb:29:in `new'


  Rendered /home/everyone/.rvm/gems/ruby-1.9.3-p194/gems/actionpack-3.2.8/lib/action_dispatch/middleware/templates/rescues/_trace.erb (2.1ms)
  Rendered /home/everyone/.rvm/gems/ruby-1.9.3-p194/gems/actionpack-3.2.8/lib/action_dispatch/middleware/templates/rescues/_request_and_response.erb (1.3ms)
  Rendered /home/everyone/.rvm/gems/ruby-1.9.3-p194/gems/actionpack-3.2.8/lib/action_dispatch/middleware/templates/rescues/template_error.erb within rescues/layout (11.7ms)


Started GET "/line_stations/new" for 127.0.0.1 at 2012-11-05 13:33:25 +0000
Processing by LineStationsController#new as HTML
  Rendered line_stations/_form.html.erb (5.4ms)
  Rendered line_stations/new.html.erb within layouts/application (6.6ms)
Completed 200 OK in 24ms (Views: 23.6ms | ActiveRecord: 0.0ms)


Started GET "/assets/application.css?body=1" for 127.0.0.1 at 2012-11-05 13:33:25 +0000
Served asset /application.css - 304 Not Modified (0ms)


Started GET "/assets/line_stations.css?body=1" for 127.0.0.1 at 2012-11-05 13:33:25 +0000
Served asset /line_stations.css - 304 Not Modified (0ms)


Started GET "/assets/lines.css?body=1" for 127.0.0.1 at 2012-11-05 13:33:25 +0000
Served asset /lines.css - 304 Not Modified (0ms)


Started GET "/assets/reservations.css?body=1" for 127.0.0.1 at 2012-11-05 13:33:25 +0000
Served asset /reservations.css - 304 Not Modified (0ms)


Started GET "/assets/scaffolds.css?body=1" for 127.0.0.1 at 2012-11-05 13:33:25 +0000
Served asset /scaffolds.css - 304 Not Modified (0ms)


Started GET "/assets/trains.css?body=1" for 127.0.0.1 at 2012-11-05 13:33:25 +0000
Served asset /trains.css - 304 Not Modified (0ms)


Started GET "/assets/stations.css?body=1" for 127.0.0.1 at 2012-11-05 13:33:25 +0000
Served asset /stations.css - 304 Not Modified (0ms)


Started GET "/assets/trip_types.css?body=1" for 127.0.0.1 at 2012-11-05 13:33:25 +0000
Served asset /trip_types.css - 304 Not Modified (0ms)


Started GET "/assets/trips.css?body=1" for 127.0.0.1 at 2012-11-05 13:33:25 +0000
Served asset /trips.css - 304 Not Modified (0ms)


Started GET "/assets/jquery_ujs.js?body=1" for 127.0.0.1 at 2012-11-05 13:33:25 +0000
Served asset /jquery_ujs.js - 304 Not Modified (0ms)


Started GET "/assets/line_stations.js?body=1" for 127.0.0.1 at 2012-11-05 13:33:25 +0000
Served asset /line_stations.js - 304 Not Modified (0ms)


Started GET "/assets/jquery.js?body=1" for 127.0.0.1 at 2012-11-05 13:33:25 +0000
Served asset /jquery.js - 304 Not Modified (0ms)


Started GET "/assets/reservations.js?body=1" for 127.0.0.1 at 2012-11-05 13:33:25 +0000
Served asset /reservations.js - 304 Not Modified (0ms)


Started GET "/assets/lines.js?body=1" for 127.0.0.1 at 2012-11-05 13:33:25 +0000
Served asset /lines.js - 304 Not Modified (0ms)


Started GET "/assets/stations.js?body=1" for 127.0.0.1 at 2012-11-05 13:33:25 +0000
Served asset /stations.js - 304 Not Modified (0ms)


Started GET "/assets/trains.js?body=1" for 127.0.0.1 at 2012-11-05 13:33:25 +0000
Served asset /trains.js - 304 Not Modified (0ms)


Started GET "/assets/trip_types.js?body=1" for 127.0.0.1 at 2012-11-05 13:33:25 +0000
Served asset /trip_types.js - 304 Not Modified (0ms)


Started GET "/assets/application.js?body=1" for 127.0.0.1 at 2012-11-05 13:33:25 +0000
Served asset /application.js - 304 Not Modified (0ms)


Started GET "/assets/trips.js?body=1" for 127.0.0.1 at 2012-11-05 13:33:25 +0000
Served asset /trips.js - 304 Not Modified (0ms)


Started GET "/line_stations/lines" for 127.0.0.1 at 2012-11-05 13:33:32 +0000
Processing by LineStationsController#show as HTML
  Parameters: {"id"=>"lines"}
  [1m[35mLineStation Load (0.2ms)[0m  SELECT "line_stations".* FROM "line_stations" WHERE "line_stations"."id" = ? LIMIT 1  [["id", "lines"]]
Completed 500 Internal Server Error in 9ms

ActiveRecord::RecordNotFound (Couldn't find LineStation with id=lines):
  app/controllers/line_stations_controller.rb:16:in `show'


  Rendered /home/everyone/.rvm/gems/ruby-1.9.3-p194/gems/actionpack-3.2.8/lib/action_dispatch/middleware/templates/rescues/_trace.erb (2.0ms)
  Rendered /home/everyone/.rvm/gems/ruby-1.9.3-p194/gems/actionpack-3.2.8/lib/action_dispatch/middleware/templates/rescues/_request_and_response.erb (1.2ms)
  Rendered /home/everyone/.rvm/gems/ruby-1.9.3-p194/gems/actionpack-3.2.8/lib/action_dispatch/middleware/templates/rescues/diagnostics.erb within rescues/layout (13.1ms)


Started GET "/lines" for 127.0.0.1 at 2012-11-05 13:33:51 +0000
Processing by LinesController#index as HTML
  [1m[36mLine Load (0.1ms)[0m  [1mSELECT "lines".* FROM "lines" [0m
  Rendered lines/index.html.erb within layouts/application (1.3ms)
Completed 200 OK in 18ms (Views: 15.0ms | ActiveRecord: 0.4ms)


Started GET "/assets/application.css?body=1" for 127.0.0.1 at 2012-11-05 13:33:51 +0000
Served asset /application.css - 304 Not Modified (5ms)


Started GET "/assets/lines.css?body=1" for 127.0.0.1 at 2012-11-05 13:33:51 +0000
Served asset /lines.css - 304 Not Modified (0ms)


Started GET "/assets/line_stations.css?body=1" for 127.0.0.1 at 2012-11-05 13:33:51 +0000
Served asset /line_stations.css - 304 Not Modified (0ms)


Started GET "/assets/stations.css?body=1" for 127.0.0.1 at 2012-11-05 13:33:51 +0000
Served asset /stations.css - 304 Not Modified (0ms)


Started GET "/assets/reservations.css?body=1" for 127.0.0.1 at 2012-11-05 13:33:51 +0000
Served asset /reservations.css - 304 Not Modified (0ms)


Started GET "/assets/scaffolds.css?body=1" for 127.0.0.1 at 2012-11-05 13:33:51 +0000
Served asset /scaffolds.css - 304 Not Modified (0ms)


Started GET "/assets/trains.css?body=1" for 127.0.0.1 at 2012-11-05 13:33:51 +0000
Served asset /trains.css - 304 Not Modified (0ms)


Started GET "/assets/trips.css?body=1" for 127.0.0.1 at 2012-11-05 13:33:51 +0000
Served asset /trips.css - 304 Not Modified (0ms)


Started GET "/assets/trip_types.css?body=1" for 127.0.0.1 at 2012-11-05 13:33:51 +0000
Served asset /trip_types.css - 304 Not Modified (0ms)


Started GET "/assets/jquery.js?body=1" for 127.0.0.1 at 2012-11-05 13:33:51 +0000
Served asset /jquery.js - 304 Not Modified (0ms)


Started GET "/assets/jquery_ujs.js?body=1" for 127.0.0.1 at 2012-11-05 13:33:51 +0000
Served asset /jquery_ujs.js - 304 Not Modified (0ms)


Started GET "/assets/lines.js?body=1" for 127.0.0.1 at 2012-11-05 13:33:51 +0000
Served asset /lines.js - 304 Not Modified (4ms)


Started GET "/assets/reservations.js?body=1" for 127.0.0.1 at 2012-11-05 13:33:51 +0000
Served asset /reservations.js - 304 Not Modified (0ms)


Started GET "/assets/stations.js?body=1" for 127.0.0.1 at 2012-11-05 13:33:51 +0000
Served asset /stations.js - 304 Not Modified (0ms)


Started GET "/assets/trains.js?body=1" for 127.0.0.1 at 2012-11-05 13:33:51 +0000
Served asset /trains.js - 304 Not Modified (0ms)


Started GET "/assets/trip_types.js?body=1" for 127.0.0.1 at 2012-11-05 13:33:51 +0000
Served asset /trip_types.js - 304 Not Modified (0ms)


Started GET "/assets/line_stations.js?body=1" for 127.0.0.1 at 2012-11-05 13:33:51 +0000
Served asset /line_stations.js - 304 Not Modified (0ms)


Started GET "/assets/trips.js?body=1" for 127.0.0.1 at 2012-11-05 13:33:51 +0000
Served asset /trips.js - 304 Not Modified (0ms)


Started GET "/assets/application.js?body=1" for 127.0.0.1 at 2012-11-05 13:33:51 +0000
Served asset /application.js - 304 Not Modified (0ms)


Started GET "/lines/new" for 127.0.0.1 at 2012-11-05 13:33:54 +0000
Processing by LinesController#new as HTML
  Rendered lines/_form.html.erb (6.2ms)
  Rendered lines/new.html.erb within layouts/application (7.6ms)
Completed 200 OK in 28ms (Views: 21.1ms | ActiveRecord: 0.0ms)


Started GET "/assets/application.css?body=1" for 127.0.0.1 at 2012-11-05 13:33:54 +0000
Served asset /application.css - 304 Not Modified (51ms)


Started GET "/assets/reservations.css?body=1" for 127.0.0.1 at 2012-11-05 13:33:54 +0000
Served asset /reservations.css - 304 Not Modified (0ms)


Started GET "/assets/scaffolds.css?body=1" for 127.0.0.1 at 2012-11-05 13:33:54 +0000
Served asset /scaffolds.css - 304 Not Modified (0ms)


Started GET "/assets/stations.css?body=1" for 127.0.0.1 at 2012-11-05 13:33:54 +0000
Served asset /stations.css - 304 Not Modified (0ms)


Started GET "/assets/lines.css?body=1" for 127.0.0.1 at 2012-11-05 13:33:54 +0000
Served asset /lines.css - 304 Not Modified (0ms)


Started GET "/assets/trains.css?body=1" for 127.0.0.1 at 2012-11-05 13:33:54 +0000
Served asset /trains.css - 304 Not Modified (0ms)


Started GET "/assets/line_stations.css?body=1" for 127.0.0.1 at 2012-11-05 13:33:54 +0000
Served asset /line_stations.css - 304 Not Modified (0ms)


Started GET "/assets/trip_types.css?body=1" for 127.0.0.1 at 2012-11-05 13:33:54 +0000
Served asset /trip_types.css - 304 Not Modified (0ms)


Started GET "/assets/trips.css?body=1" for 127.0.0.1 at 2012-11-05 13:33:54 +0000
Served asset /trips.css - 304 Not Modified (0ms)


Started GET "/assets/jquery_ujs.js?body=1" for 127.0.0.1 at 2012-11-05 13:33:54 +0000
Served asset /jquery_ujs.js - 304 Not Modified (0ms)


Started GET "/assets/jquery.js?body=1" for 127.0.0.1 at 2012-11-05 13:33:54 +0000
Served asset /jquery.js - 304 Not Modified (0ms)


Started GET "/assets/line_stations.js?body=1" for 127.0.0.1 at 2012-11-05 13:33:54 +0000
Served asset /line_stations.js - 304 Not Modified (0ms)


Started GET "/assets/lines.js?body=1" for 127.0.0.1 at 2012-11-05 13:33:54 +0000
Served asset /lines.js - 304 Not Modified (0ms)


Started GET "/assets/stations.js?body=1" for 127.0.0.1 at 2012-11-05 13:33:54 +0000
Served asset /stations.js - 304 Not Modified (0ms)


Started GET "/assets/trip_types.js?body=1" for 127.0.0.1 at 2012-11-05 13:33:54 +0000
Served asset /trip_types.js - 304 Not Modified (0ms)


Started GET "/assets/trains.js?body=1" for 127.0.0.1 at 2012-11-05 13:33:54 +0000
Served asset /trains.js - 304 Not Modified (0ms)


Started GET "/assets/reservations.js?body=1" for 127.0.0.1 at 2012-11-05 13:33:54 +0000
Served asset /reservations.js - 304 Not Modified (0ms)


Started GET "/assets/trips.js?body=1" for 127.0.0.1 at 2012-11-05 13:33:54 +0000
Served asset /trips.js - 304 Not Modified (0ms)


Started GET "/assets/application.js?body=1" for 127.0.0.1 at 2012-11-05 13:33:54 +0000
Served asset /application.js - 304 Not Modified (0ms)


Started GET "/stations" for 127.0.0.1 at 2012-11-05 13:34:00 +0000
Processing by StationsController#index as HTML
  [1m[35mStation Load (0.1ms)[0m  SELECT "stations".* FROM "stations" 
  Rendered stations/index.html.erb within layouts/application (2.1ms)
Completed 200 OK in 35ms (Views: 31.9ms | ActiveRecord: 0.5ms)


Started GET "/assets/application.css?body=1" for 127.0.0.1 at 2012-11-05 13:34:00 +0000
Served asset /application.css - 304 Not Modified (1ms)


Started GET "/assets/lines.css?body=1" for 127.0.0.1 at 2012-11-05 13:34:00 +0000
Served asset /lines.css - 304 Not Modified (0ms)


Started GET "/assets/reservations.css?body=1" for 127.0.0.1 at 2012-11-05 13:34:00 +0000
Served asset /reservations.css - 304 Not Modified (0ms)


Started GET "/assets/scaffolds.css?body=1" for 127.0.0.1 at 2012-11-05 13:34:00 +0000
Served asset /scaffolds.css - 304 Not Modified (0ms)


Started GET "/assets/stations.css?body=1" for 127.0.0.1 at 2012-11-05 13:34:00 +0000
Served asset /stations.css - 304 Not Modified (0ms)


Started GET "/assets/line_stations.css?body=1" for 127.0.0.1 at 2012-11-05 13:34:00 +0000
Served asset /line_stations.css - 304 Not Modified (0ms)


Started GET "/assets/trains.css?body=1" for 127.0.0.1 at 2012-11-05 13:34:00 +0000
Served asset /trains.css - 304 Not Modified (0ms)


Started GET "/assets/jquery.js?body=1" for 127.0.0.1 at 2012-11-05 13:34:00 +0000
Served asset /jquery.js - 304 Not Modified (0ms)


Started GET "/assets/jquery_ujs.js?body=1" for 127.0.0.1 at 2012-11-05 13:34:00 +0000
Served asset /jquery_ujs.js - 304 Not Modified (0ms)


Started GET "/assets/trip_types.css?body=1" for 127.0.0.1 at 2012-11-05 13:34:01 +0000
Served asset /trip_types.css - 304 Not Modified (0ms)


Started GET "/assets/trips.css?body=1" for 127.0.0.1 at 2012-11-05 13:34:01 +0000
Served asset /trips.css - 304 Not Modified (0ms)


Started GET "/assets/line_stations.js?body=1" for 127.0.0.1 at 2012-11-05 13:34:01 +0000
Served asset /line_stations.js - 304 Not Modified (0ms)


Started GET "/assets/lines.js?body=1" for 127.0.0.1 at 2012-11-05 13:34:01 +0000
Served asset /lines.js - 304 Not Modified (0ms)


Started GET "/assets/reservations.js?body=1" for 127.0.0.1 at 2012-11-05 13:34:01 +0000
Served asset /reservations.js - 304 Not Modified (0ms)


Started GET "/assets/trains.js?body=1" for 127.0.0.1 at 2012-11-05 13:34:01 +0000
Served asset /trains.js - 304 Not Modified (0ms)


Started GET "/assets/trip_types.js?body=1" for 127.0.0.1 at 2012-11-05 13:34:01 +0000
Served asset /trip_types.js - 304 Not Modified (0ms)


Started GET "/assets/stations.js?body=1" for 127.0.0.1 at 2012-11-05 13:34:01 +0000
Served asset /stations.js - 304 Not Modified (0ms)


Started GET "/assets/application.js?body=1" for 127.0.0.1 at 2012-11-05 13:34:01 +0000
Served asset /application.js - 304 Not Modified (0ms)


Started GET "/assets/trips.js?body=1" for 127.0.0.1 at 2012-11-05 13:34:01 +0000
Served asset /trips.js - 304 Not Modified (0ms)


Started GET "/stations/new" for 127.0.0.1 at 2012-11-05 13:34:01 +0000
Processing by StationsController#new as HTML
  Rendered stations/_form.html.erb (4.9ms)
  Rendered stations/new.html.erb within layouts/application (6.7ms)
Completed 200 OK in 28ms (Views: 19.9ms | ActiveRecord: 0.0ms)


Started GET "/assets/application.css?body=1" for 127.0.0.1 at 2012-11-05 13:34:01 +0000
Served asset /application.css - 304 Not Modified (5ms)


Started GET "/assets/lines.css?body=1" for 127.0.0.1 at 2012-11-05 13:34:01 +0000
Served asset /lines.css - 304 Not Modified (0ms)


Started GET "/assets/reservations.css?body=1" for 127.0.0.1 at 2012-11-05 13:34:01 +0000
Served asset /reservations.css - 304 Not Modified (0ms)


Started GET "/assets/scaffolds.css?body=1" for 127.0.0.1 at 2012-11-05 13:34:01 +0000
Served asset /scaffolds.css - 304 Not Modified (0ms)


Started GET "/assets/stations.css?body=1" for 127.0.0.1 at 2012-11-05 13:34:01 +0000
Served asset /stations.css - 304 Not Modified (0ms)


Started GET "/assets/trains.css?body=1" for 127.0.0.1 at 2012-11-05 13:34:01 +0000
Served asset /trains.css - 304 Not Modified (0ms)


Started GET "/assets/line_stations.css?body=1" for 127.0.0.1 at 2012-11-05 13:34:01 +0000
Served asset /line_stations.css - 304 Not Modified (0ms)


Started GET "/assets/trip_types.css?body=1" for 127.0.0.1 at 2012-11-05 13:34:01 +0000
Served asset /trip_types.css - 304 Not Modified (0ms)


Started GET "/assets/trips.css?body=1" for 127.0.0.1 at 2012-11-05 13:34:01 +0000
Served asset /trips.css - 304 Not Modified (0ms)


Started GET "/assets/jquery.js?body=1" for 127.0.0.1 at 2012-11-05 13:34:01 +0000
Served asset /jquery.js - 304 Not Modified (0ms)


Started GET "/assets/jquery_ujs.js?body=1" for 127.0.0.1 at 2012-11-05 13:34:01 +0000
Served asset /jquery_ujs.js - 304 Not Modified (0ms)


Started GET "/assets/lines.js?body=1" for 127.0.0.1 at 2012-11-05 13:34:01 +0000
Served asset /lines.js - 304 Not Modified (0ms)


Started GET "/assets/line_stations.js?body=1" for 127.0.0.1 at 2012-11-05 13:34:01 +0000
Served asset /line_stations.js - 304 Not Modified (0ms)


Started GET "/assets/reservations.js?body=1" for 127.0.0.1 at 2012-11-05 13:34:01 +0000
Served asset /reservations.js - 304 Not Modified (0ms)


Started GET "/assets/application.js?body=1" for 127.0.0.1 at 2012-11-05 13:34:01 +0000
Served asset /application.js - 304 Not Modified (0ms)


Started GET "/assets/trains.js?body=1" for 127.0.0.1 at 2012-11-05 13:34:01 +0000
Served asset /trains.js - 304 Not Modified (0ms)


Started GET "/assets/trip_types.js?body=1" for 127.0.0.1 at 2012-11-05 13:34:01 +0000
Served asset /trip_types.js - 304 Not Modified (0ms)


Started GET "/assets/trips.js?body=1" for 127.0.0.1 at 2012-11-05 13:34:01 +0000
Served asset /trips.js - 304 Not Modified (0ms)


Started GET "/assets/stations.js?body=1" for 127.0.0.1 at 2012-11-05 13:34:01 +0000
Served asset /stations.js - 304 Not Modified (0ms)
